2026-04-30 08:26:31,705 [INFO] Activator:176 - 


2026-04-30 08:26:31,710 [INFO] Activator:177 - !SESSION log4j initialized
2026-04-30 08:26:35,407 [INFO] LogOutputStream:77 - [STDOUT_REDIRECT] 
2026-04-30 08:26:36,682 [INFO] ApplicationProperties:184 - Using Application install path: C:\ST\STM32CubeIDE_1.18.1\STM32CubeIDE\plugins\com.st.stm32cube.common.mx_6.15.0.202507011659
2026-04-30 08:26:36,703 [INFO] DbMcusXml:78 - Set database path to: C:\ST\STM32CubeIDE_1.18.1\STM32CubeIDE\plugins\com.st.stm32cube.common.mx_6.15.0.202507011659\\db\/mcu/
2026-04-30 08:26:36,703 [INFO] ApiDb:274 - Set plugin database path to: C:\ST\STM32CubeIDE_1.18.1\STM32CubeIDE\plugins\com.st.stm32cube.common.mx_6.15.0.202507011659\\db\/plugins/boardmanager/
2026-04-30 08:26:36,704 [WARN] ApiDb:259 - Overriding images path with different value:  => C:\ST\STM32CubeIDE_1.18.1\STM32CubeIDE\plugins\com.st.stm32cube.common.mx_6.15.0.202507011659\\db\/plugins/mcufinder/images/
2026-04-30 08:26:36,714 [INFO] ApiDb:250 - Set database path to: C:\Users\elena\.stmcufinder\plugins\mcufinder//mcu/
2026-04-30 08:26:36,715 [INFO] DbMcusAds:125 - Set database path to: C:\Users\elena\.stmcufinder\plugins\mcufinder//mcu/
2026-04-30 08:26:36,718 [INFO] CrossReferenceDbSqlite:203 - Set database path to: C:\Users\elena\.stmcufinder\plugins\mcufinder//mcu/cs/
2026-04-30 08:26:36,834 [INFO] RulesReader:64 - Compatibility file has been processed (317 Rules)
2026-04-30 08:26:36,904 [INFO] DbMcusXml:78 - Set database path to: C:\ST\STM32CubeIDE_1.18.1\STM32CubeIDE\plugins\com.st.stm32cube.common.mx_6.15.0.202507011659\\db\/mcu/
2026-04-30 08:26:36,904 [INFO] ApiDb:274 - Set plugin database path to: C:\ST\STM32CubeIDE_1.18.1\STM32CubeIDE\plugins\com.st.stm32cube.common.mx_6.15.0.202507011659\\db\/plugins/boardmanager/
2026-04-30 08:26:36,904 [INFO] ApiDb:261 - Set plugin images path to: C:\ST\STM32CubeIDE_1.18.1\STM32CubeIDE\plugins\com.st.stm32cube.common.mx_6.15.0.202507011659\\db\/plugins/mcufinder/images/
2026-04-30 08:26:36,904 [WARN] DbFile:41 - Overriding database path with different value: C:\Users\elena\.stmcufinder\plugins\mcufinder/ => C:\Users\elena\.stmcufinder\plugins\mcufinder
2026-04-30 08:26:36,905 [INFO] ApiDb:250 - Set database path to: C:\Users\elena\.stmcufinder\plugins\mcufinder//mcu/
2026-04-30 08:26:36,905 [WARN] DbFile:41 - Overriding database path with different value: C:\Users\elena\.stmcufinder\plugins\mcufinder/ => C:\Users\elena\.stmcufinder\plugins\mcufinder
2026-04-30 08:26:36,905 [INFO] DbMcusAds:125 - Set database path to: C:\Users\elena\.stmcufinder\plugins\mcufinder//mcu/
2026-04-30 08:26:36,905 [WARN] DbFile:41 - Overriding database path with different value: C:\Users\elena\.stmcufinder\plugins\mcufinder/ => C:\Users\elena\.stmcufinder\plugins\mcufinder
2026-04-30 08:26:36,905 [WARN] DbFile:41 - Overriding database path with different value: C:\Users\elena\.stmcufinder\plugins\mcufinder/ => C:\Users\elena\.stmcufinder\plugins\mcufinder
2026-04-30 08:26:36,905 [INFO] CrossReferenceDbSqlite:203 - Set database path to: C:\Users\elena\.stmcufinder\plugins\mcufinder//mcu/cs/
2026-04-30 08:26:36,981 [INFO] MainPanel:274 - HeapMemory: 268435456
2026-04-30 08:26:37,007 [ERROR] LogOutputStream:75 - [STDERR_REDIRECT] [Fatal Error] :1:1: Premature end of file.
2026-04-30 08:26:37,007 [ERROR] LogOutputStream:75 - [STDERR_REDIRECT] 
2026-04-30 08:26:37,095 [INFO] DbMcusXml:78 - Set database path to: C:\ST\STM32CubeIDE_1.18.1\STM32CubeIDE\plugins\com.st.stm32cube.common.mx_6.15.0.202507011659\\db\/mcu/
2026-04-30 08:26:37,095 [INFO] ApiDb:274 - Set plugin database path to: C:\ST\STM32CubeIDE_1.18.1\STM32CubeIDE\plugins\com.st.stm32cube.common.mx_6.15.0.202507011659\\db\/plugins/boardmanager/
2026-04-30 08:26:37,095 [INFO] ApiDb:261 - Set plugin images path to: C:\ST\STM32CubeIDE_1.18.1\STM32CubeIDE\plugins\com.st.stm32cube.common.mx_6.15.0.202507011659\\db\/plugins/mcufinder/images/
2026-04-30 08:26:37,096 [WARN] DbFile:41 - Overriding database path with different value: C:\Users\elena\.stmcufinder\plugins\mcufinder/ => C:\Users\elena\.stmcufinder\plugins\mcufinder
2026-04-30 08:26:37,096 [INFO] ApiDb:250 - Set database path to: C:\Users\elena\.stmcufinder\plugins\mcufinder//mcu/
2026-04-30 08:26:37,096 [WARN] DbFile:41 - Overriding database path with different value: C:\Users\elena\.stmcufinder\plugins\mcufinder/ => C:\Users\elena\.stmcufinder\plugins\mcufinder
2026-04-30 08:26:37,096 [INFO] DbMcusAds:125 - Set database path to: C:\Users\elena\.stmcufinder\plugins\mcufinder//mcu/
2026-04-30 08:26:37,096 [WARN] DbFile:41 - Overriding database path with different value: C:\Users\elena\.stmcufinder\plugins\mcufinder/ => C:\Users\elena\.stmcufinder\plugins\mcufinder
2026-04-30 08:26:37,097 [WARN] DbFile:41 - Overriding database path with different value: C:\Users\elena\.stmcufinder\plugins\mcufinder/ => C:\Users\elena\.stmcufinder\plugins\mcufinder
2026-04-30 08:26:37,097 [INFO] CrossReferenceDbSqlite:203 - Set database path to: C:\Users\elena\.stmcufinder\plugins\mcufinder//mcu/cs/
2026-04-30 08:26:37,115 [INFO] ApplicationProperties:184 - Using Application install path: C:\ST\STM32CubeIDE_1.18.1\STM32CubeIDE\plugins\com.st.stm32cube.common.mx_6.15.0.202507011659
2026-04-30 08:26:37,116 [INFO] PluginManage:196 - Search for loadable plugins [exclusion list=, ]
2026-04-30 08:26:37,118 [INFO] PluginManage:310 - Check plugin analytics
2026-04-30 08:26:37,289 [INFO] AnalyticsPlugin:253 - Accepted Software Licenses: 
2026-04-30 08:26:37,289 [INFO] AnalyticsPlugin:255 - Accepted CMSIS Pack Licenses: 
2026-04-30 08:26:37,290 [INFO] AnalyticsPlugin:257 - Accepted Firmware Licenses: 
2026-04-30 08:26:37,291 [INFO] PluginManage:359 - Loaded plugin analytics (category:tool,tabindex:-1)
2026-04-30 08:26:37,292 [INFO] PluginManage:310 - Check plugin cadmodel
2026-04-30 08:26:37,297 [INFO] CADModel:105 - Init CAD model plugin
2026-04-30 08:26:37,298 [INFO] PluginManage:359 - Loaded plugin cadmodel (category:power,tabindex:5)
2026-04-30 08:26:37,298 [INFO] PluginManage:310 - Check plugin clock
2026-04-30 08:26:37,306 [INFO] PluginManage:359 - Loaded plugin clock (category:base,tabindex:2)
2026-04-30 08:26:37,306 [INFO] PluginManage:310 - Check plugin ddr
2026-04-30 08:26:37,308 [INFO] PluginManage:359 - Loaded plugin ddr (category:tool,tabindex:6)
2026-04-30 08:26:37,308 [INFO] PluginManage:310 - Check plugin filemanager
2026-04-30 08:26:37,446 [INFO] PluginManage:359 - Loaded plugin filemanager (category:base,tabindex:10)
2026-04-30 08:26:37,446 [INFO] PluginManage:310 - Check plugin ipmanager
2026-04-30 08:26:37,453 [INFO] PluginManage:359 - Loaded plugin ipmanager (category:base,tabindex:5)
2026-04-30 08:26:37,453 [INFO] PluginManage:310 - Check plugin lpbam
2026-04-30 08:26:37,460 [INFO] PluginManage:359 - Loaded plugin lpbam (category:base,tabindex:0)
2026-04-30 08:26:37,460 [INFO] PluginManage:310 - Check plugin memorymap
2026-04-30 08:26:37,474 [INFO] PluginManage:359 - Loaded plugin memorymap (category:base,tabindex:4)
2026-04-30 08:26:37,474 [INFO] PluginManage:310 - Check plugin pinoutandconfiguration
2026-04-30 08:26:37,482 [INFO] PluginManage:359 - Loaded plugin pinoutandconfiguration (category:base,tabindex:1)
2026-04-30 08:26:37,482 [INFO] PluginManage:310 - Check plugin pinoutconfig
2026-04-30 08:26:37,573 [WARN] SupportedApi:132 - Cannot load RTOS API schema: s4s-elt-must-match.1: The content of 'definitions' must match (annotation?, (simpleType | complexType)?, (unique | key | keyref)*)). A problem was found starting at: attribute.
2026-04-30 08:26:37,719 [INFO] PluginManage:359 - Loaded plugin pinoutconfig (category:base,tabindex:0)
2026-04-30 08:26:37,719 [INFO] PluginManage:310 - Check plugin power
2026-04-30 08:26:37,729 [INFO] PluginManage:359 - Loaded plugin power (category:power,tabindex:4)
2026-04-30 08:26:37,729 [INFO] PluginManage:310 - Check plugin projectmanager
2026-04-30 08:26:37,745 [INFO] PluginManage:359 - Loaded plugin projectmanager (category:projectmanager,tabindex:4)
2026-04-30 08:26:37,745 [INFO] PluginManage:310 - Check plugin rif
2026-04-30 08:26:37,759 [INFO] PluginManage:359 - Loaded plugin rif (category:base,tabindex:3)
2026-04-30 08:26:37,760 [INFO] PluginManage:310 - Check plugin thirdparty
2026-04-30 08:26:37,871 [INFO] PluginManage:359 - Loaded plugin thirdparty (category:base,tabindex:-1)
2026-04-30 08:26:37,871 [INFO] PluginManage:310 - Check plugin tools
2026-04-30 08:26:37,871 [WARN] IntegrityCheckThread:84 - waiting for thirdparty lock release [integrity check]
2026-04-30 08:26:37,871 [INFO] IntegrityCheckThread:86 - entering critical section [integrity check]
2026-04-30 08:26:37,871 [INFO] ThirdPartyUpdaterWithRetryManager:70 - Updater plugin not ready yet. [1/15]
2026-04-30 08:26:37,873 [INFO] PluginManage:359 - Loaded plugin tools (category:base,tabindex:7)
2026-04-30 08:26:37,875 [INFO] PluginManage:310 - Check plugin tutovideos
2026-04-30 08:26:37,991 [ERROR] LogOutputStream:75 - [STDERR_REDIRECT] [Fatal Error] :1:1: Premature end of file.
2026-04-30 08:26:37,991 [ERROR] LogOutputStream:75 - [STDERR_REDIRECT] 
2026-04-30 08:26:38,047 [INFO] PluginManage:359 - Loaded plugin tutovideos (category:base,tabindex:-1)
2026-04-30 08:26:38,047 [INFO] PluginManage:310 - Check plugin updater
2026-04-30 08:26:38,063 [INFO] PluginManage:359 - Loaded plugin updater (category:base,tabindex:12)
2026-04-30 08:26:38,063 [INFO] PluginManage:310 - Check plugin userauth
2026-04-30 08:26:38,067 [INFO] UserAuth:118 - Init User Auth plugin
2026-04-30 08:26:38,067 [INFO] PluginManage:359 - Loaded plugin userauth (category:base,tabindex:14)
2026-04-30 08:26:38,068 [INFO] PluginManage:283 - PluginManage : Loaded plugins [18]
2026-04-30 08:26:38,226 [INFO] PinOutPanel:1589 - setPackage(No Configuration,No Configuration)
2026-04-30 08:26:38,290 [INFO] CADModel:165 - CPN selected for project level
2026-04-30 08:26:38,290 [INFO] CADModel:114 - Register for checkConnection events
2026-04-30 08:26:38,306 [INFO] IPUIPlugin:80 - create IPUIPlugin
2026-04-30 08:26:38,306 [INFO] PluginManager:220 - loadIPPluginJar : add adc
2026-04-30 08:26:38,309 [INFO] IPUIPlugin:80 - create IPUIPlugin
2026-04-30 08:26:38,309 [INFO] PluginManager:220 - loadIPPluginJar : add aes
2026-04-30 08:26:38,311 [INFO] IPUIPlugin:80 - create IPUIPlugin
2026-04-30 08:26:38,311 [INFO] PluginManager:220 - loadIPPluginJar : add can
2026-04-30 08:26:38,313 [INFO] IPUIPlugin:80 - create IPUIPlugin
2026-04-30 08:26:38,313 [INFO] PluginManager:220 - loadIPPluginJar : add comp
2026-04-30 08:26:38,316 [INFO] IPUIPlugin:80 - create IPUIPlugin
2026-04-30 08:26:38,316 [INFO] PluginManager:220 - loadIPPluginJar : add cryp
2026-04-30 08:26:38,320 [INFO] IPUIPlugin:80 - create IPUIPlugin
2026-04-30 08:26:38,320 [INFO] PluginManager:220 - loadIPPluginJar : add ddr_ctrl_phy
2026-04-30 08:26:38,322 [INFO] IPUIPlugin:80 - create IPUIPlugin
2026-04-30 08:26:38,322 [INFO] PluginManager:220 - loadIPPluginJar : add dfsdm
2026-04-30 08:26:38,327 [INFO] IPUIPlugin:80 - create IPUIPlugin
2026-04-30 08:26:38,327 [INFO] PluginManager:220 - loadIPPluginJar : add dma
2026-04-30 08:26:38,329 [INFO] IPUIPlugin:80 - create IPUIPlugin
2026-04-30 08:26:38,329 [INFO] PluginManager:220 - loadIPPluginJar : add dma3
2026-04-30 08:26:38,332 [INFO] IPUIPlugin:80 - create IPUIPlugin
2026-04-30 08:26:38,332 [INFO] PluginManager:220 - loadIPPluginJar : add extmemmanager
2026-04-30 08:26:38,333 [INFO] IPUIPlugin:80 - create IPUIPlugin
2026-04-30 08:26:38,333 [INFO] PluginManager:220 - loadIPPluginJar : add fatfs
2026-04-30 08:26:38,337 [INFO] IPUIPlugin:80 - create IPUIPlugin
2026-04-30 08:26:38,337 [INFO] PluginManager:220 - loadIPPluginJar : add fmc
2026-04-30 08:26:38,342 [INFO] IPUIPlugin:80 - create IPUIPlugin
2026-04-30 08:26:38,342 [INFO] PluginManager:220 - loadIPPluginJar : add freertos
2026-04-30 08:26:38,345 [INFO] IPUIPlugin:80 - create IPUIPlugin
2026-04-30 08:26:38,345 [INFO] PluginManager:220 - loadIPPluginJar : add genericplugin
2026-04-30 08:26:38,347 [INFO] IPUIPlugin:80 - create IPUIPlugin
2026-04-30 08:26:38,347 [INFO] PluginManager:220 - loadIPPluginJar : add gfxmmu
2026-04-30 08:26:38,350 [INFO] IPUIPlugin:80 - create IPUIPlugin
2026-04-30 08:26:38,351 [INFO] PluginManager:220 - loadIPPluginJar : add gic
2026-04-30 08:26:38,354 [INFO] IPUIPlugin:80 - create IPUIPlugin
2026-04-30 08:26:38,354 [INFO] PluginManager:220 - loadIPPluginJar : add gpio
2026-04-30 08:26:38,356 [INFO] IPUIPlugin:80 - create IPUIPlugin
2026-04-30 08:26:38,356 [INFO] PluginManager:220 - loadIPPluginJar : add gtzc
2026-04-30 08:26:38,358 [INFO] IPUIPlugin:80 - create IPUIPlugin
2026-04-30 08:26:38,358 [INFO] PluginManager:220 - loadIPPluginJar : add hash
2026-04-30 08:26:38,361 [INFO] IPUIPlugin:80 - create IPUIPlugin
2026-04-30 08:26:38,361 [INFO] PluginManager:220 - loadIPPluginJar : add i2c
2026-04-30 08:26:38,363 [INFO] IPUIPlugin:80 - create IPUIPlugin
2026-04-30 08:26:38,363 [INFO] PluginManager:220 - loadIPPluginJar : add i2s
2026-04-30 08:26:38,367 [INFO] IPUIPlugin:80 - create IPUIPlugin
2026-04-30 08:26:38,367 [INFO] PluginManager:220 - loadIPPluginJar : add i3c
2026-04-30 08:26:38,372 [INFO] IPUIPlugin:80 - create IPUIPlugin
2026-04-30 08:26:38,372 [INFO] PluginManager:220 - loadIPPluginJar : add ipddr
2026-04-30 08:26:38,381 [INFO] IPUIPlugin:80 - create IPUIPlugin
2026-04-30 08:26:38,381 [INFO] PluginManager:220 - loadIPPluginJar : add linkedlist
2026-04-30 08:26:38,386 [INFO] IPUIPlugin:80 - create IPUIPlugin
2026-04-30 08:26:38,387 [INFO] PluginManager:220 - loadIPPluginJar : add lorawan
2026-04-30 08:26:38,389 [INFO] IPUIPlugin:80 - create IPUIPlugin
2026-04-30 08:26:38,389 [INFO] PluginManager:220 - loadIPPluginJar : add ltdc
2026-04-30 08:26:38,396 [INFO] IPUIPlugin:80 - create IPUIPlugin
2026-04-30 08:26:38,397 [INFO] PluginManager:220 - loadIPPluginJar : add mdma
2026-04-30 08:26:38,402 [INFO] IPUIPlugin:80 - create IPUIPlugin
2026-04-30 08:26:38,403 [INFO] PluginManager:220 - loadIPPluginJar : add nvic
2026-04-30 08:26:38,407 [INFO] IPUIPlugin:80 - create IPUIPlugin
2026-04-30 08:26:38,407 [INFO] PluginManager:220 - loadIPPluginJar : add opamp
2026-04-30 08:26:38,411 [INFO] IPUIPlugin:80 - create IPUIPlugin
2026-04-30 08:26:38,411 [INFO] PluginManager:220 - loadIPPluginJar : add openamp
2026-04-30 08:26:38,415 [INFO] IPUIPlugin:80 - create IPUIPlugin
2026-04-30 08:26:38,416 [INFO] PluginManager:220 - loadIPPluginJar : add pdm2pcm
2026-04-30 08:26:38,423 [INFO] IPUIPlugin:80 - create IPUIPlugin
2026-04-30 08:26:38,426 [INFO] PluginManager:220 - loadIPPluginJar : add plateformsettings
2026-04-30 08:26:38,429 [INFO] IPUIPlugin:80 - create IPUIPlugin
2026-04-30 08:26:38,429 [INFO] PluginManager:220 - loadIPPluginJar : add quadspi
2026-04-30 08:26:38,431 [INFO] IPUIPlugin:80 - create IPUIPlugin
2026-04-30 08:26:38,432 [INFO] PluginManager:220 - loadIPPluginJar : add radio
2026-04-30 08:26:38,437 [INFO] IPUIPlugin:80 - create IPUIPlugin
2026-04-30 08:26:38,437 [INFO] PluginManager:220 - loadIPPluginJar : add resmgrutility
2026-04-30 08:26:38,441 [INFO] IPUIPlugin:80 - create IPUIPlugin
2026-04-30 08:26:38,441 [INFO] PluginManager:220 - loadIPPluginJar : add sai
2026-04-30 08:26:38,443 [INFO] IPUIPlugin:80 - create IPUIPlugin
2026-04-30 08:26:38,443 [INFO] PluginManager:220 - loadIPPluginJar : add spi
2026-04-30 08:26:38,451 [INFO] IPUIPlugin:80 - create IPUIPlugin
2026-04-30 08:26:38,451 [INFO] PluginManager:220 - loadIPPluginJar : add stm32_wpan
2026-04-30 08:26:38,453 [INFO] IPUIPlugin:80 - create IPUIPlugin
2026-04-30 08:26:38,453 [INFO] PluginManager:220 - loadIPPluginJar : add tim
2026-04-30 08:26:38,456 [INFO] IPUIPlugin:80 - create IPUIPlugin
2026-04-30 08:26:38,456 [INFO] PluginManager:220 - loadIPPluginJar : add touchsensing
2026-04-30 08:26:38,459 [INFO] IPUIPlugin:80 - create IPUIPlugin
2026-04-30 08:26:38,459 [INFO] PluginManager:220 - loadIPPluginJar : add tracer_emb
2026-04-30 08:26:38,463 [INFO] IPUIPlugin:80 - create IPUIPlugin
2026-04-30 08:26:38,463 [INFO] PluginManager:220 - loadIPPluginJar : add ts
2026-04-30 08:26:38,465 [INFO] IPUIPlugin:80 - create IPUIPlugin
2026-04-30 08:26:38,465 [INFO] PluginManager:220 - loadIPPluginJar : add tsc
2026-04-30 08:26:38,466 [INFO] IPUIPlugin:80 - create IPUIPlugin
2026-04-30 08:26:38,467 [INFO] PluginManager:220 - loadIPPluginJar : add ucpd
2026-04-30 08:26:38,470 [INFO] IPUIPlugin:80 - create IPUIPlugin
2026-04-30 08:26:38,470 [INFO] PluginManager:220 - loadIPPluginJar : add usart
2026-04-30 08:26:38,473 [INFO] IPUIPlugin:80 - create IPUIPlugin
2026-04-30 08:26:38,473 [INFO] PluginManager:220 - loadIPPluginJar : add usbx
2026-04-30 08:26:38,598 [FATAL] Updater:351 - Updater called before beeing initialized
2026-04-30 08:26:38,624 [INFO] RulesReader:64 - Compatibility file has been processed (317 Rules)
2026-04-30 08:26:38,633 [INFO] RulesReader:64 - Compatibility file has been processed (317 Rules)
2026-04-30 08:26:38,641 [INFO] CADModel:165 - CPN selected for project level
2026-04-30 08:26:38,641 [INFO] CADModel:114 - Register for checkConnection events
2026-04-30 08:26:38,641 [FATAL] Updater:351 - Updater called before beeing initialized
2026-04-30 08:26:38,641 [ERROR] CADModel:125 - Updater not yet initialized, retry later 
2026-04-30 08:26:38,787 [FATAL] Updater:351 - Updater called before beeing initialized
2026-04-30 08:26:38,789 [INFO] CADModel:165 - CPN selected for project level
2026-04-30 08:26:38,789 [INFO] CADModel:114 - Register for checkConnection events
2026-04-30 08:26:38,789 [FATAL] Updater:351 - Updater called before beeing initialized
2026-04-30 08:26:38,789 [ERROR] CADModel:125 - Updater not yet initialized, retry later 
2026-04-30 08:26:38,792 [FATAL] Updater:351 - Updater called before beeing initialized
2026-04-30 08:26:38,896 [FATAL] Updater:351 - Updater called before beeing initialized
2026-04-30 08:26:38,901 [INFO] DbMcusAds:53 - JSON generation date=Fri Apr 10 19:19:02 AEST 2026 (1775812742310)
2026-04-30 08:26:38,901 [FATAL] Updater:351 - Updater called before beeing initialized
2026-04-30 08:26:38,937 [WARN] DetailPanel:346 - Failed to get advertising image, set to default
2026-04-30 08:26:38,997 [ERROR] LogOutputStream:75 - [STDERR_REDIRECT] [Fatal Error] :1:1: Premature end of file.
2026-04-30 08:26:38,997 [ERROR] LogOutputStream:75 - [STDERR_REDIRECT] 
2026-04-30 08:26:39,018 [FATAL] Updater:351 - Updater called before beeing initialized
2026-04-30 08:26:39,019 [FATAL] Updater:351 - Updater called before beeing initialized
2026-04-30 08:26:39,019 [FATAL] Updater:351 - Updater called before beeing initialized
2026-04-30 08:26:39,020 [WARN] DetailPanel:346 - Failed to get advertising image, set to default
2026-04-30 08:26:39,020 [FATAL] Updater:351 - Updater called before beeing initialized
2026-04-30 08:26:39,061 [ERROR] Updater:1198 - MainUpdater not yet initialized. External WinMGr cannot be set.
2026-04-30 08:26:39,063 [INFO] Updater:1134 - Updater Version found : 6.15.0
2026-04-30 08:26:39,083 [INFO] ApplicationProperties:184 - Using Application install path: C:\ST\STM32CubeIDE_1.18.1\STM32CubeIDE\plugins\com.st.stm32cube.common.mx_6.15.0.202507011659
2026-04-30 08:26:39,995 [ERROR] LogOutputStream:75 - [STDERR_REDIRECT] [Fatal Error] :1:1: Premature end of file.
2026-04-30 08:26:39,995 [ERROR] LogOutputStream:75 - [STDERR_REDIRECT] 
2026-04-30 08:26:40,665 [ERROR] LogOutputStream:75 - [STDERR_REDIRECT] Apr 30, 2026 8:26:40 AM java.util.prefs.WindowsPreferences <init>
2026-04-30 08:26:40,666 [ERROR] LogOutputStream:75 - [STDERR_REDIRECT] WARNING: Could not open/create prefs root node Software\JavaSoft\Prefs at root 0xffffffff80000002. Windows RegCreateKeyEx(...) returned error code 5.
2026-04-30 08:26:40,666 [ERROR] LogOutputStream:75 - [STDERR_REDIRECT] 
2026-04-30 08:26:40,873 [INFO] ThirdPartyUpdaterWithRetryManager:70 - Updater plugin not ready yet. [2/15]
2026-04-30 08:26:40,893 [INFO] MainUpdater:2872 - connection check result : 10
2026-04-30 08:26:40,893 [INFO] MainUpdater:3604 - Updater definition file requires update
2026-04-30 08:26:40,894 [INFO] MainUpdater:289 - Updater Check For Update Now.
2026-04-30 08:26:40,894 [INFO] MicroXplorer:498 - Change Database Version : DB.6.0.150
2026-04-30 08:26:40,898 [INFO] McuFinderGlobals:63 - Set McuFinder mode to 2 (CubeIDE integrated)
2026-04-30 08:26:40,899 [INFO] UserAuth:487 - Internet connection configuration mode: 1
2026-04-30 08:26:40,912 [INFO] JxBrowserEngine:152 - Initiate JxBrowser Engine with user profile folder
2026-04-30 08:26:40,938 [INFO] ServerAccessManage:452 - Complete download http(s) 200
2026-04-30 08:26:40,939 [INFO] ServerAccessManage:509 - Download File updaters.zip
2026-04-30 08:26:40,990 [INFO] FileExtend:248 - Unzip File : updaters.zip
2026-04-30 08:26:40,990 [INFO] FileExtend:263 - Standard Zip Deflate
2026-04-30 08:26:40,993 [ERROR] LogOutputStream:75 - [STDERR_REDIRECT] [Fatal Error] :1:1: Premature end of file.
2026-04-30 08:26:40,993 [ERROR] LogOutputStream:75 - [STDERR_REDIRECT] 
2026-04-30 08:26:41,283 [INFO] ServerAccessManage:452 - Complete download http(s) 200
2026-04-30 08:26:41,283 [INFO] ServerAccessManage:509 - Download File PacksControlFlags.xml
2026-04-30 08:26:41,315 [INFO] ServerAccessManage:452 - Complete download http(s) 200
2026-04-30 08:26:41,315 [INFO] ServerAccessManage:509 - Download File cubemx.pidx
2026-04-30 08:26:41,720 [INFO] ServerAccessManage:452 - Complete download http(s) 200
2026-04-30 08:26:41,721 [INFO] ServerAccessManage:509 - Download File STMicroelectronics.FP-SNS-STAIOTCFT.pdsc
2026-04-30 08:26:41,922 [INFO] ServerAccessManage:452 - Complete download http(s) 200
2026-04-30 08:26:41,922 [INFO] ServerAccessManage:509 - Download File STMicroelectronics.X-CUBE-GNSS1.pdsc
2026-04-30 08:26:42,003 [ERROR] LogOutputStream:75 - [STDERR_REDIRECT] [Fatal Error] :1:1: Premature end of file.
2026-04-30 08:26:42,003 [ERROR] LogOutputStream:75 - [STDERR_REDIRECT] 
2026-04-30 08:26:42,048 [INFO] WebApp:169 - Instantiating new browser for Auth
2026-04-30 08:26:42,711 [INFO] WebApp:463 - Apply proxy settings
2026-04-30 08:26:42,711 [INFO] WebApp:548 - Chromium requires no authentication
2026-04-30 08:26:42,717 [INFO] WebApp:491 - Direct internet connection detected
2026-04-30 08:26:42,738 [INFO] WebApp:900 - Register for checkConnection events
2026-04-30 08:26:42,738 [INFO] WebApp:463 - Apply proxy settings
2026-04-30 08:26:42,738 [INFO] WebApp:548 - Chromium requires no authentication
2026-04-30 08:26:42,738 [INFO] WebApp:491 - Direct internet connection detected
2026-04-30 08:26:42,872 [INFO] WebApp:225 - Starting web application
2026-04-30 08:26:42,873 [INFO] WebApp:593 - Web application path used C:\ST\STM32CubeIDE_1.18.1\STM32CubeIDE\plugins\com.st.stm32cube.common.mx_6.15.0.202507011659\db\plugins\mcufinder\reactClient1\index.html
2026-04-30 08:26:42,878 [ERROR] ServerAccessManage:1212 - Problem, file not found on Server
2026-04-30 08:26:42,999 [ERROR] LogOutputStream:75 - [STDERR_REDIRECT] [Fatal Error] :1:1: Premature end of file.
2026-04-30 08:26:43,001 [ERROR] LogOutputStream:75 - [STDERR_REDIRECT] 
2026-04-30 08:26:43,009 [INFO] UserAuth:487 - Internet connection configuration mode: 1
2026-04-30 08:26:43,072 [INFO] WebApp:191 - Connection restablished
2026-04-30 08:26:43,684 [ERROR] ServerAccessManage:1212 - Problem, file not found on Server
2026-04-30 08:26:43,875 [WARN] MainUpdater:1193 - Updater busy. Cannot search thirdparties
2026-04-30 08:26:43,875 [INFO] ThirdPartyUpdaterWithRetryManager:96 - Updater plugin is busy. [1/15]
2026-04-30 08:26:43,991 [ERROR] LogOutputStream:75 - [STDERR_REDIRECT] [Fatal Error] :1:1: Premature end of file.
2026-04-30 08:26:43,991 [ERROR] LogOutputStream:75 - [STDERR_REDIRECT] 
2026-04-30 08:26:44,531 [ERROR] ServerAccessManage:1212 - Problem, file not found on Server
2026-04-30 08:26:44,991 [ERROR] LogOutputStream:75 - [STDERR_REDIRECT] [Fatal Error] :1:1: Premature end of file.
2026-04-30 08:26:44,991 [ERROR] LogOutputStream:75 - [STDERR_REDIRECT] 
2026-04-30 08:26:45,352 [ERROR] ServerAccessManage:1212 - Problem, file not found on Server
2026-04-30 08:26:45,999 [ERROR] LogOutputStream:75 - [STDERR_REDIRECT] [Fatal Error] :1:1: Premature end of file.
2026-04-30 08:26:45,999 [ERROR] LogOutputStream:75 - [STDERR_REDIRECT] 
2026-04-30 08:26:46,170 [ERROR] ServerAccessManage:1212 - Problem, file not found on Server
2026-04-30 08:26:46,876 [WARN] MainUpdater:1193 - Updater busy. Cannot search thirdparties
2026-04-30 08:26:46,876 [INFO] ThirdPartyUpdaterWithRetryManager:96 - Updater plugin is busy. [2/15]
2026-04-30 08:26:46,992 [ERROR] LogOutputStream:75 - [STDERR_REDIRECT] [Fatal Error] :1:1: Premature end of file.
2026-04-30 08:26:46,992 [ERROR] LogOutputStream:75 - [STDERR_REDIRECT] 
2026-04-30 08:26:47,051 [ERROR] ServerAccessManage:1212 - Problem, file not found on Server
2026-04-30 08:26:47,126 [INFO] ServerAccessManage:452 - Complete download http(s) 200
2026-04-30 08:26:47,127 [INFO] ServerAccessManage:509 - Download File STMicroelectronics.X-CUBE-MEMS1.pdsc
2026-04-30 08:26:47,995 [ERROR] LogOutputStream:75 - [STDERR_REDIRECT] [Fatal Error] :1:1: Premature end of file.
2026-04-30 08:26:47,996 [ERROR] LogOutputStream:75 - [STDERR_REDIRECT] 
2026-04-30 08:26:48,009 [ERROR] ServerAccessManage:1295 - Problem during Server Connection :  IO error PKIX path building failed: sun.security.provider.certpath.SunCertPathBuilderException: unable to find valid certification path to requested target
2026-04-30 08:26:48,009 [ERROR] ServerAccessManage:740 - Problem during Server Connection :  : Avnet-IOTCONNECT.X-CUBE-iotc-st67-sdk.pdsc.
2026-04-30 08:26:48,068 [WARN] PackLoader:240 - Cannot read IP mode file for STMicroelectronics.FP-SNS-STAIOTCFT.1.1.0
2026-04-30 08:26:48,075 [WARN] PackLoader:240 - Cannot read IP mode file for STMicroelectronics.X-CUBE-GNSS1.7.1.1
2026-04-30 08:26:48,122 [WARN] PackLoader:240 - Cannot read IP mode file for STMicroelectronics.X-CUBE-MEMS1.12.1.0
2026-04-30 08:26:48,175 [INFO] PopulateThirdPartyThread:66 - Ending populate Thread
2026-04-30 08:26:48,176 [INFO] ThirdParty:1030 - CMSIS Pack Vendor :STMicroelectronics FP-SNS-STAIOTCFT 1.1.0
2026-04-30 08:26:48,176 [INFO] ThirdParty:1030 - CMSIS Pack Vendor :STMicroelectronics X-CUBE-MEMS1 12.1.0
2026-04-30 08:26:48,176 [INFO] ThirdParty:1030 - CMSIS Pack Vendor :STMicroelectronics X-CUBE-GNSS1 7.1.1
2026-04-30 08:26:48,176 [INFO] LoadServerUpdatesThread:375 - End of LoadServerUpdate Thread
2026-04-30 08:26:48,177 [INFO] CheckServerUpdateThread:120 - End of CheckServer Thread
2026-04-30 08:26:48,993 [ERROR] LogOutputStream:75 - [STDERR_REDIRECT] [Fatal Error] :1:1: Premature end of file.
2026-04-30 08:26:48,994 [ERROR] LogOutputStream:75 - [STDERR_REDIRECT] 
2026-04-30 08:26:49,990 [ERROR] LogOutputStream:75 - [STDERR_REDIRECT] [Fatal Error] :1:1: Premature end of file.
2026-04-30 08:26:49,990 [ERROR] LogOutputStream:75 - [STDERR_REDIRECT] 
2026-04-30 08:26:50,042 [WARN] PackLoader:240 - Cannot read IP mode file for STMicroelectronics.X-CUBE-AZRTOS-H7.3.5.0
2026-04-30 08:26:50,048 [WARN] PackLoader:240 - Cannot read IP mode file for STMicroelectronics.FP-SNS-MOTENVWB1.1.4.0
2026-04-30 08:26:50,051 [WARN] PackLoader:240 - Cannot read IP mode file for STMicroelectronics.FP-ATR-ASTRA1.2.0.2
2026-04-30 08:26:50,056 [WARN] PackLoader:240 - Cannot read IP mode file for STMicroelectronics.X-CUBE-SMBUS.2.1.0
2026-04-30 08:26:50,059 [WARN] PackLoader:240 - Cannot read IP mode file for STMicroelectronics.X-CUBE-ST60.1.0.0
2026-04-30 08:26:50,067 [WARN] PackLoader:240 - Cannot read IP mode file for STMicroelectronics.X-CUBE-AZRTOS-F7.1.1.0
2026-04-30 08:26:50,071 [WARN] PackLoader:240 - Cannot read IP mode file for STMicroelectronics.FP-SNS-MOTENV1.5.1.0
2026-04-30 08:26:50,082 [WARN] PackLoader:240 - Cannot read IP mode file for Infineon.AIROC-Wi-Fi-Bluetooth-STM32.1.7.0
2026-04-30 08:26:50,091 [WARN] PackLoader:240 - Cannot read IP mode file for STMicroelectronics.X-CUBE-AZRTOS-H7.3.4.0
2026-04-30 08:26:50,097 [WARN] PackLoader:240 - Cannot read IP mode file for STMicroelectronics.X-CUBE-DISPLAY.3.0.0
2026-04-30 08:26:50,101 [WARN] PackLoader:240 - Cannot read IP mode file for STMicroelectronics.X-CUBE-GNSS1.7.1.1
2026-04-30 08:26:50,104 [WARN] PackLoader:240 - Cannot read IP mode file for STMicroelectronics.X-CUBE-NFC10.1.0.0
2026-04-30 08:26:50,109 [WARN] PackLoader:240 - Cannot read IP mode file for STMicroelectronics.X-CUBE-BLEMGR.4.0.0
2026-04-30 08:26:50,113 [WARN] PackLoader:240 - Cannot read IP mode file for STMicroelectronics.X-CUBE-ST60.1.1.0
2026-04-30 08:26:50,117 [WARN] PackLoader:240 - Cannot read IP mode file for emotas.I-CUBE-CANOPEN.1.3.0
2026-04-30 08:26:50,119 [WARN] PackLoader:240 - Cannot read IP mode file for STMicroelectronics.X-CUBE-GNSS1.7.1.0
2026-04-30 08:26:50,122 [WARN] ConditionMgr:438 - getConditionDescription Invalid condition id : Cortex-A Device cause : null
2026-04-30 08:26:50,129 [WARN] ConditionMgr:1044 - genDependencies : Invalid condition id : Cortex-A Device cause : null
2026-04-30 08:26:50,129 [WARN] ConditionMgr:1044 - genDependencies : Invalid condition id : Cortex-A Device cause : null
2026-04-30 08:26:50,129 [WARN] ConditionMgr:1044 - genDependencies : Invalid condition id : Cortex-A Device cause : null
2026-04-30 08:26:50,133 [WARN] PackLoader:240 - Cannot read IP mode file for STMicroelectronics.FP-SNS-STBOX1.2.1.0
2026-04-30 08:26:50,137 [WARN] PackLoader:240 - Cannot read IP mode file for STMicroelectronics.FP-SNS-SMARTAG2.1.2.0
2026-04-30 08:26:50,139 [WARN] PackLoader:240 - Cannot read IP mode file for STMicroelectronics.FP-SNS-FLIGHT1.5.1.0
2026-04-30 08:26:50,144 [INFO] LogOutputStream:77 - [STDOUT_REDIRECT] 1 : Invalid condition id : UX_CORESTACK_Condition cause : null
2026-04-30 08:26:50,144 [INFO] LogOutputStream:77 - [STDOUT_REDIRECT] 1 : Invalid condition id : UX_CORESTACK_Condition cause : null
2026-04-30 08:26:50,145 [INFO] LogOutputStream:77 - [STDOUT_REDIRECT] 1 : Invalid condition id : UX_CORESTACK_Condition cause : null
2026-04-30 08:26:50,145 [INFO] LogOutputStream:77 - [STDOUT_REDIRECT] 1 : Invalid condition id : UX_CORESTACK_Condition cause : null
2026-04-30 08:26:50,145 [INFO] LogOutputStream:77 - [STDOUT_REDIRECT] 1 : Invalid condition id : UX_CORESTACK_Condition cause : null
2026-04-30 08:26:50,147 [WARN] PackLoader:240 - Cannot read IP mode file for STMicroelectronics.X-CUBE-AZRTOS-WL.2.0.0
2026-04-30 08:26:50,149 [WARN] PackLoader:240 - Cannot read IP mode file for STMicroelectronics.FP-SNS-MOTENV1.5.0.0
2026-04-30 08:26:50,159 [WARN] PackLoader:240 - Cannot read IP mode file for STMicroelectronics.X-CUBE-AZRTOS-H7RS.1.2.0
2026-04-30 08:26:50,164 [WARN] PackLoader:240 - Cannot read IP mode file for WES.I-CUBE-Cesium.1.3.0
2026-04-30 08:26:50,167 [WARN] PackLoader:240 - Cannot read IP mode file for STMicroelectronics.X-CUBE-BLE2.3.3.0
2026-04-30 08:26:50,170 [WARN] PackLoader:240 - Cannot read IP mode file for STMicroelectronics.X-CUBE-NFC9.1.0.0
2026-04-30 08:26:50,173 [WARN] PackLoader:240 - Cannot read IP mode file for wolfSSL.I-CUBE-wolfSSL.5.8.0
2026-04-30 08:26:50,177 [WARN] PackLoader:240 - Cannot read IP mode file for STMicroelectronics.X-CUBE-BLE1.7.1.0
2026-04-30 08:26:50,180 [WARN] PackLoader:240 - Cannot read IP mode file for wolfSSL.I-CUBE-wolfMQTT.1.19.2
2026-04-30 08:26:50,183 [WARN] PackLoader:240 - Cannot read IP mode file for STMicroelectronics.X-CUBE-FREERTOS.1.4.0
2026-04-30 08:26:50,188 [WARN] PackLoader:240 - Cannot read IP mode file for STMicroelectronics.X-CUBE-EEPRMA1.5.2.0
2026-04-30 08:26:50,192 [WARN] PackLoader:240 - Cannot read IP mode file for STMicroelectronics.X-CUBE-ST67W61.1.1.0
2026-04-30 08:26:50,196 [WARN] PackLoader:240 - Cannot read IP mode file for STMicroelectronics.X-CUBE-AI.10.1.0
2026-04-30 08:26:50,199 [WARN] PackLoader:240 - Cannot read IP mode file for STMicroelectronics.FP-SNS-STAIOTCFT.1.1.0
2026-04-30 08:26:50,217 [WARN] PackLoader:240 - Cannot read IP mode file for STMicroelectronics.X-CUBE-MEMS1.12.0.0
2026-04-30 08:26:50,256 [WARN] PackLoader:240 - Cannot read IP mode file for STMicroelectronics.X-CUBE-AZRTOS-G0.1.1.0
2026-04-30 08:26:50,260 [WARN] PackLoader:240 - Cannot read IP mode file for STMicroelectronics.X-CUBE-SAFEA1.1.2.2
2026-04-30 08:26:50,265 [WARN] PackLoader:240 - Cannot read IP mode file for STMicroelectronics.X-CUBE-NFC4.3.0.0
2026-04-30 08:26:50,270 [WARN] PackLoader:240 - Cannot read IP mode file for EmbeddedOffice.I-CUBE-FS-RTOS.1.0.1
2026-04-30 08:26:50,273 [WARN] PackLoader:240 - Cannot read IP mode file for STMicroelectronics.X-CUBE-WB05N.2.0.0
2026-04-30 08:26:50,275 [WARN] PackLoader:240 - Cannot read IP mode file for wolfSSL.I-CUBE-wolfTPM.3.8.0
2026-04-30 08:26:50,279 [WARN] PackLoader:240 - Cannot read IP mode file for STMicroelectronics.X-CUBE-TCPP.4.2.0
2026-04-30 08:26:50,283 [WARN] PackLoader:240 - Cannot read IP mode file for RealThread.X-CUBE-RT-Thread_Nano.4.1.1
2026-04-30 08:26:50,286 [WARN] PackLoader:240 - Cannot read IP mode file for STMicroelectronics.FP-ATR-SIGFOX1.3.2.0
2026-04-30 08:26:50,289 [WARN] PackLoader:240 - Cannot read IP mode file for STMicroelectronics.X-CUBE-EEPRMA1.5.1.0
2026-04-30 08:26:50,293 [WARN] PackLoader:240 - Cannot read IP mode file for ITTIA_DB.I-CUBE-ITTIADB.8.9.0
2026-04-30 08:26:50,297 [WARN] PackLoader:240 - Cannot read IP mode file for STMicroelectronics.X-CUBE-ST67W61.1.0.0
2026-04-30 08:26:50,299 [WARN] PackLoader:240 - Cannot read IP mode file for STMicroelectronics.X-CUBE-AI.10.2.0
2026-04-30 08:26:50,316 [WARN] PackLoader:240 - Cannot read IP mode file for STMicroelectronics.X-CUBE-MEMS1.12.1.0
2026-04-30 08:26:50,376 [WARN] PackLoader:240 - Cannot read IP mode file for SEGGER.I-CUBE-embOS.1.3.1
2026-04-30 08:26:50,397 [WARN] PackLoader:240 - Cannot read IP mode file for STMicroelectronics.X-CUBE-ALGOBUILD.1.4.0
2026-04-30 08:26:50,417 [WARN] PackLoader:240 - Cannot read IP mode file for STMicroelectronics.X-CUBE-MEMS1.11.3.0
2026-04-30 08:26:50,472 [WARN] PackLoader:240 - Cannot read IP mode file for STMicroelectronics.X-CUBE-PM33A1.1.0.0
2026-04-30 08:26:50,480 [WARN] PackLoader:240 - Cannot read IP mode file for STMicroelectronics.X-CUBE-AZRTOS-F4.1.1.0
2026-04-30 08:26:50,484 [WARN] PackLoader:240 - Cannot read IP mode file for STMicroelectronics.X-CUBE-ISPU.2.1.0
2026-04-30 08:26:50,490 [WARN] PackLoader:240 - Cannot read IP mode file for STMicroelectronics.X-CUBE-IPS.3.2.0
2026-04-30 08:26:50,496 [WARN] PackLoader:240 - Cannot read IP mode file for STMicroelectronics.eDS-WB_DPC_TT-BIDIR.2.1.1
2026-04-30 08:26:50,499 [WARN] PackLoader:240 - Cannot read IP mode file for STMicroelectronics.X-CUBE-NFC12.1.0.0
2026-04-30 08:26:50,509 [WARN] PackLoader:240 - Cannot read IP mode file for STMicroelectronics.X-CUBE-AZRTOS-L5.2.0.0
2026-04-30 08:26:50,514 [WARN] PackLoader:240 - Cannot read IP mode file for STMicroelectronics.X-CUBE-NFC6.3.1.0
2026-04-30 08:26:50,517 [WARN] PackLoader:240 - Cannot read IP mode file for STMicroelectronics.eDS-WB_DPC_VIENNA.1.2.0
2026-04-30 08:26:50,519 [WARN] PackLoader:240 - Cannot read IP mode file for STMicroelectronics.eDS-WB_DPC_3PH2L-BIDIR.1.1.1
2026-04-30 08:26:50,522 [ERROR] Engine:466 - C:\Users\elena\.stm32cubemx\thirdparties\pdsc\STMicroelectronics.X-CUBE-ST67W61.1.3.0.pdsc: PDSC version is not supported
2026-04-30 08:26:50,525 [WARN] PackLoader:240 - Cannot read IP mode file for STMicroelectronics.X-CUBE-FREERTOS.1.3.1
2026-04-30 08:26:50,529 [WARN] PackLoader:240 - Cannot read IP mode file for STMicroelectronics.X-CUBE-TOUCHGFX.4.26.0
2026-04-30 08:26:50,531 [WARN] PackLoader:240 - Cannot read IP mode file for STMicroelectronics.X-CUBE-TOUCHGFX.4.26.1
2026-04-30 08:26:50,534 [WARN] PackLoader:240 - Cannot read IP mode file for STMicroelectronics.FP-SNS-STAIOTCFT.1.0.0
2026-04-30 08:26:50,536 [WARN] PackLoader:240 - Cannot read IP mode file for STMicroelectronics.X-CUBE-DPower.1.3.0
2026-04-30 08:26:50,543 [WARN] ConditionMgr:438 - getConditionDescription Invalid condition id : LAN8742 Phy interface Condition cause : null
2026-04-30 08:26:50,543 [WARN] PackLoader:240 - Cannot read IP mode file for STMicroelectronics.X-CUBE-AZRTOS-L4.2.0.0
2026-04-30 08:26:50,543 [WARN] ConditionMgr:1044 - genDependencies : Invalid condition id : LAN8742 Phy interface Condition cause : null
2026-04-30 08:26:50,543 [WARN] ConditionMgr:1044 - genDependencies : Invalid condition id : LAN8742 Phy interface Condition cause : null
2026-04-30 08:26:50,543 [WARN] ConditionMgr:1044 - genDependencies : Invalid condition id : LAN8742 Phy interface Condition cause : null
2026-04-30 08:26:50,549 [WARN] PackLoader:240 - Cannot read IP mode file for STMicroelectronics.X-CUBE-SFXS2LP1.4.0.0
2026-04-30 08:26:50,551 [WARN] PackLoader:240 - Cannot read IP mode file for STMicroelectronics.X-CUBE-WB05N.2.1.0
2026-04-30 08:26:50,559 [WARN] PackLoader:240 - Cannot read IP mode file for STMicroelectronics.X-CUBE-AZRTOS-H7.3.3.0
2026-04-30 08:26:50,567 [WARN] PackLoader:240 - Cannot read IP mode file for STMicroelectronics.X-CUBE-BLEMGR.4.1.0
2026-04-30 08:26:50,575 [WARN] ConditionMgr:438 - getConditionDescription Invalid condition id : UX DEVICE CLASS RTOS Condition cause : null
2026-04-30 08:26:50,575 [WARN] ConditionMgr:438 - getConditionDescription Invalid condition id : UX DEVICE CLASS RTOS Condition cause : null
2026-04-30 08:26:50,576 [WARN] PackLoader:240 - Cannot read IP mode file for STMicroelectronics.X-CUBE-AZRTOS-WB.2.0.0
2026-04-30 08:26:50,576 [WARN] ConditionMgr:1044 - genDependencies : Invalid condition id : UX DEVICE CLASS RTOS Condition cause : null
2026-04-30 08:26:50,576 [WARN] ConditionMgr:1044 - genDependencies : Invalid condition id : UX DEVICE CLASS RTOS Condition cause : null
2026-04-30 08:26:50,577 [WARN] ConditionMgr:1044 - genDependencies : Invalid condition id : UX DEVICE CLASS RTOS Condition cause : null
2026-04-30 08:26:50,577 [WARN] ConditionMgr:1044 - genDependencies : Invalid condition id : UX DEVICE CLASS RTOS Condition cause : null
2026-04-30 08:26:50,577 [WARN] ConditionMgr:1044 - genDependencies : Invalid condition id : UX DEVICE CLASS RTOS Condition cause : null
2026-04-30 08:26:50,581 [WARN] PackLoader:240 - Cannot read IP mode file for STMicroelectronics.X-CUBE-GNSS1.7.0.1
2026-04-30 08:26:50,583 [WARN] PackLoader:240 - Cannot read IP mode file for STMicroelectronics.X-CUBE-TOUCHGFX.4.25.0
2026-04-30 08:26:50,586 [WARN] PackLoader:240 - Cannot read IP mode file for STMicroelectronics.FP-SNS-STBOX1.2.0.0
2026-04-30 08:26:50,590 [WARN] PackLoader:240 - Cannot read IP mode file for STMicroelectronics.X-CUBE-STSE01.2.0.0
2026-04-30 08:26:50,597 [WARN] PackLoader:240 - Cannot read IP mode file for STMicroelectronics.X-CUBE-SUBG2.5.0.0
2026-04-30 08:26:50,606 [WARN] PackLoader:240 - Cannot read IP mode file for STMicroelectronics.X-CUBE-AZRTOS-H7RS.1.1.0
2026-04-30 08:26:50,610 [WARN] PackLoader:240 - Cannot read IP mode file for Cesanta.I-CUBE-Mongoose.7.13.0
2026-04-30 08:26:50,617 [WARN] PackLoader:240 - Cannot read IP mode file for STMicroelectronics.X-CUBE-AZRTOS-G4.2.0.0
2026-04-30 08:26:50,620 [WARN] PackLoader:240 - Cannot read IP mode file for wolfSSL.I-CUBE-wolfSSH.1.4.20
2026-04-30 08:26:50,623 [WARN] PackLoader:240 - Cannot read IP mode file for STMicroelectronics.X-CUBE-NFC7.2.0.0
2026-04-30 08:26:50,628 [WARN] PackLoader:240 - Cannot read IP mode file for STMicroelectronics.X-CUBE-IPS.3.1.0
2026-04-30 08:26:50,640 [WARN] PackLoader:240 - Cannot read IP mode file for STMicroelectronics.X-CUBE-ALS.1.0.2
2026-04-30 08:26:50,643 [WARN] PackLoader:240 - Cannot read IP mode file for STMicroelectronics.X-CUBE-STSE01.1.0.0
2026-04-30 08:26:50,648 [WARN] PackLoader:240 - Cannot read IP mode file for portGmbH.I-Cube-SoM-uGOAL.1.1.0
2026-04-30 08:26:50,653 [WARN] PackLoader:240 - Cannot read IP mode file for STMicroelectronics.X-CUBE-TOF1.3.4.3
2026-04-30 08:26:50,660 [INFO] ThirdParty:978 - Integrity check success = true
2026-04-30 08:26:50,660 [INFO] IntegrityCheckThread:100 - exiting critical section [integrity check]
2026-04-30 08:26:50,660 [INFO] IntegrityCheckThread:103 - End integrity checks thread
2026-04-30 08:26:50,999 [ERROR] LogOutputStream:75 - [STDERR_REDIRECT] [Fatal Error] :1:1: Premature end of file.
2026-04-30 08:26:50,999 [ERROR] LogOutputStream:75 - [STDERR_REDIRECT] 
2026-04-30 08:26:51,993 [ERROR] LogOutputStream:75 - [STDERR_REDIRECT] [Fatal Error] :1:1: Premature end of file.
2026-04-30 08:26:51,993 [ERROR] LogOutputStream:75 - [STDERR_REDIRECT] 
2026-04-30 08:26:52,993 [ERROR] LogOutputStream:75 - [STDERR_REDIRECT] [Fatal Error] :1:1: Premature end of file.
2026-04-30 08:26:52,993 [ERROR] LogOutputStream:75 - [STDERR_REDIRECT] 
2026-04-30 08:26:53,995 [ERROR] LogOutputStream:75 - [STDERR_REDIRECT] [Fatal Error] :1:1: Premature end of file.
2026-04-30 08:26:53,995 [ERROR] LogOutputStream:75 - [STDERR_REDIRECT] 
2026-04-30 08:26:54,994 [ERROR] LogOutputStream:75 - [STDERR_REDIRECT] [Fatal Error] :1:1: Premature end of file.
2026-04-30 08:26:54,995 [ERROR] LogOutputStream:75 - [STDERR_REDIRECT] 
2026-04-30 08:26:55,991 [ERROR] LogOutputStream:75 - [STDERR_REDIRECT] [Fatal Error] :1:1: Premature end of file.
2026-04-30 08:26:55,991 [ERROR] LogOutputStream:75 - [STDERR_REDIRECT] 
2026-04-30 08:26:56,995 [ERROR] LogOutputStream:75 - [STDERR_REDIRECT] [Fatal Error] :1:1: Premature end of file.
2026-04-30 08:26:56,995 [ERROR] LogOutputStream:75 - [STDERR_REDIRECT] 
2026-04-30 08:26:57,997 [ERROR] LogOutputStream:75 - [STDERR_REDIRECT] [Fatal Error] :1:1: Premature end of file.
2026-04-30 08:26:57,997 [ERROR] LogOutputStream:75 - [STDERR_REDIRECT] 
2026-04-30 08:26:58,999 [ERROR] LogOutputStream:75 - [STDERR_REDIRECT] [Fatal Error] :1:1: Premature end of file.
2026-04-30 08:26:58,999 [ERROR] LogOutputStream:75 - [STDERR_REDIRECT] 
2026-04-30 08:27:00,001 [ERROR] LogOutputStream:75 - [STDERR_REDIRECT] [Fatal Error] :1:1: Premature end of file.
2026-04-30 08:27:00,001 [ERROR] LogOutputStream:75 - [STDERR_REDIRECT] 
2026-04-30 08:27:00,993 [ERROR] LogOutputStream:75 - [STDERR_REDIRECT] [Fatal Error] :1:1: Premature end of file.
2026-04-30 08:27:00,994 [ERROR] LogOutputStream:75 - [STDERR_REDIRECT] 
2026-04-30 08:27:01,998 [ERROR] LogOutputStream:75 - [STDERR_REDIRECT] [Fatal Error] :1:1: Premature end of file.
2026-04-30 08:27:01,998 [ERROR] LogOutputStream:75 - [STDERR_REDIRECT] 
2026-04-30 08:27:02,991 [ERROR] LogOutputStream:75 - [STDERR_REDIRECT] [Fatal Error] :1:1: Premature end of file.
2026-04-30 08:27:02,991 [ERROR] LogOutputStream:75 - [STDERR_REDIRECT] 
2026-04-30 08:27:03,992 [ERROR] LogOutputStream:75 - [STDERR_REDIRECT] [Fatal Error] :1:1: Premature end of file.
2026-04-30 08:27:03,992 [ERROR] LogOutputStream:75 - [STDERR_REDIRECT] 
2026-04-30 08:27:04,990 [ERROR] LogOutputStream:75 - [STDERR_REDIRECT] [Fatal Error] :1:1: Premature end of file.
2026-04-30 08:27:04,990 [ERROR] LogOutputStream:75 - [STDERR_REDIRECT] 
2026-04-30 08:27:05,993 [ERROR] LogOutputStream:75 - [STDERR_REDIRECT] [Fatal Error] :1:1: Premature end of file.
2026-04-30 08:27:05,994 [ERROR] LogOutputStream:75 - [STDERR_REDIRECT] 
2026-04-30 08:27:06,991 [ERROR] LogOutputStream:75 - [STDERR_REDIRECT] [Fatal Error] :1:1: Premature end of file.
2026-04-30 08:27:06,991 [ERROR] LogOutputStream:75 - [STDERR_REDIRECT] 
2026-04-30 08:27:07,994 [ERROR] LogOutputStream:75 - [STDERR_REDIRECT] [Fatal Error] :1:1: Premature end of file.
2026-04-30 08:27:07,994 [ERROR] LogOutputStream:75 - [STDERR_REDIRECT] 
2026-04-30 08:27:08,993 [ERROR] LogOutputStream:75 - [STDERR_REDIRECT] [Fatal Error] :1:1: Premature end of file.
2026-04-30 08:27:08,993 [ERROR] LogOutputStream:75 - [STDERR_REDIRECT] 
2026-04-30 08:27:09,989 [ERROR] LogOutputStream:75 - [STDERR_REDIRECT] [Fatal Error] :1:1: Premature end of file.
2026-04-30 08:27:09,990 [ERROR] LogOutputStream:75 - [STDERR_REDIRECT] 
2026-04-30 08:27:10,993 [ERROR] LogOutputStream:75 - [STDERR_REDIRECT] [Fatal Error] :1:1: Premature end of file.
2026-04-30 08:27:10,994 [ERROR] LogOutputStream:75 - [STDERR_REDIRECT] 
2026-04-30 08:27:11,989 [ERROR] LogOutputStream:75 - [STDERR_REDIRECT] [Fatal Error] :1:1: Premature end of file.
2026-04-30 08:27:11,989 [ERROR] LogOutputStream:75 - [STDERR_REDIRECT] 
2026-04-30 08:27:12,991 [ERROR] LogOutputStream:75 - [STDERR_REDIRECT] [Fatal Error] :1:1: Premature end of file.
2026-04-30 08:27:12,991 [ERROR] LogOutputStream:75 - [STDERR_REDIRECT] 
2026-04-30 08:27:13,993 [ERROR] LogOutputStream:75 - [STDERR_REDIRECT] [Fatal Error] :1:1: Premature end of file.
2026-04-30 08:27:13,993 [ERROR] LogOutputStream:75 - [STDERR_REDIRECT] 
2026-04-30 08:27:14,991 [ERROR] LogOutputStream:75 - [STDERR_REDIRECT] [Fatal Error] :1:1: Premature end of file.
2026-04-30 08:27:14,991 [ERROR] LogOutputStream:75 - [STDERR_REDIRECT] 
2026-04-30 08:27:15,991 [ERROR] LogOutputStream:75 - [STDERR_REDIRECT] [Fatal Error] :1:1: Premature end of file.
2026-04-30 08:27:15,991 [ERROR] LogOutputStream:75 - [STDERR_REDIRECT] 
2026-04-30 08:27:17,002 [ERROR] LogOutputStream:75 - [STDERR_REDIRECT] [Fatal Error] :1:1: Premature end of file.
2026-04-30 08:27:17,003 [ERROR] LogOutputStream:75 - [STDERR_REDIRECT] 
2026-04-30 08:27:17,990 [ERROR] LogOutputStream:75 - [STDERR_REDIRECT] [Fatal Error] :1:1: Premature end of file.
2026-04-30 08:27:17,990 [ERROR] LogOutputStream:75 - [STDERR_REDIRECT] 
2026-04-30 08:27:18,992 [ERROR] LogOutputStream:75 - [STDERR_REDIRECT] [Fatal Error] :1:1: Premature end of file.
2026-04-30 08:27:18,993 [ERROR] LogOutputStream:75 - [STDERR_REDIRECT] 
2026-04-30 08:27:20,004 [ERROR] LogOutputStream:75 - [STDERR_REDIRECT] [Fatal Error] :1:1: Premature end of file.
2026-04-30 08:27:20,004 [ERROR] LogOutputStream:75 - [STDERR_REDIRECT] 
2026-04-30 08:27:20,989 [ERROR] LogOutputStream:75 - [STDERR_REDIRECT] [Fatal Error] :1:1: Premature end of file.
2026-04-30 08:27:20,989 [ERROR] LogOutputStream:75 - [STDERR_REDIRECT] 
2026-04-30 08:27:21,996 [ERROR] LogOutputStream:75 - [STDERR_REDIRECT] [Fatal Error] :1:1: Premature end of file.
2026-04-30 08:27:21,997 [ERROR] LogOutputStream:75 - [STDERR_REDIRECT] 
2026-04-30 08:27:22,994 [ERROR] LogOutputStream:75 - [STDERR_REDIRECT] [Fatal Error] :1:1: Premature end of file.
2026-04-30 08:27:22,994 [ERROR] LogOutputStream:75 - [STDERR_REDIRECT] 
2026-04-30 08:27:23,990 [ERROR] LogOutputStream:75 - [STDERR_REDIRECT] [Fatal Error] :1:1: Premature end of file.
2026-04-30 08:27:23,990 [ERROR] LogOutputStream:75 - [STDERR_REDIRECT] 
2026-04-30 08:27:24,994 [ERROR] LogOutputStream:75 - [STDERR_REDIRECT] [Fatal Error] :1:1: Premature end of file.
2026-04-30 08:27:24,994 [ERROR] LogOutputStream:75 - [STDERR_REDIRECT] 
2026-04-30 08:27:25,055 [ERROR] LogOutputStream:75 - [STDERR_REDIRECT] 
2026-04-30 08:27:25,056 [ERROR] LogOutputStream:75 - [STDERR_REDIRECT] 
2026-04-30 08:27:28,862 [INFO] Activator:176 - 


2026-04-30 08:27:28,865 [INFO] Activator:177 - !SESSION log4j initialized
2026-04-30 08:27:32,112 [INFO] LogOutputStream:77 - [STDOUT_REDIRECT] 
2026-04-30 08:27:32,429 [ERROR] LogOutputStream:75 - [STDERR_REDIRECT] [Fatal Error] :1:1: Premature end of file.
2026-04-30 08:27:32,430 [ERROR] LogOutputStream:75 - [STDERR_REDIRECT] 
2026-04-30 08:27:32,866 [INFO] ApplicationProperties:184 - Using Application install path: C:\ST\STM32CubeIDE_1.18.1\STM32CubeIDE\plugins\com.st.stm32cube.common.mx_6.15.0.202507011659
2026-04-30 08:27:32,879 [INFO] DbMcusXml:78 - Set database path to: C:\ST\STM32CubeIDE_1.18.1\STM32CubeIDE\plugins\com.st.stm32cube.common.mx_6.15.0.202507011659\\db\/mcu/
2026-04-30 08:27:32,879 [INFO] ApiDb:274 - Set plugin database path to: C:\ST\STM32CubeIDE_1.18.1\STM32CubeIDE\plugins\com.st.stm32cube.common.mx_6.15.0.202507011659\\db\/plugins/boardmanager/
2026-04-30 08:27:32,880 [WARN] ApiDb:259 - Overriding images path with different value:  => C:\ST\STM32CubeIDE_1.18.1\STM32CubeIDE\plugins\com.st.stm32cube.common.mx_6.15.0.202507011659\\db\/plugins/mcufinder/images/
2026-04-30 08:27:32,884 [INFO] ApiDb:250 - Set database path to: C:\Users\elena\.stmcufinder\plugins\mcufinder//mcu/
2026-04-30 08:27:32,884 [INFO] DbMcusAds:125 - Set database path to: C:\Users\elena\.stmcufinder\plugins\mcufinder//mcu/
2026-04-30 08:27:32,885 [INFO] CrossReferenceDbSqlite:203 - Set database path to: C:\Users\elena\.stmcufinder\plugins\mcufinder//mcu/cs/
2026-04-30 08:27:32,972 [INFO] RulesReader:64 - Compatibility file has been processed (317 Rules)
2026-04-30 08:27:33,020 [INFO] DbMcusXml:78 - Set database path to: C:\ST\STM32CubeIDE_1.18.1\STM32CubeIDE\plugins\com.st.stm32cube.common.mx_6.15.0.202507011659\\db\/mcu/
2026-04-30 08:27:33,021 [INFO] ApiDb:274 - Set plugin database path to: C:\ST\STM32CubeIDE_1.18.1\STM32CubeIDE\plugins\com.st.stm32cube.common.mx_6.15.0.202507011659\\db\/plugins/boardmanager/
2026-04-30 08:27:33,021 [INFO] ApiDb:261 - Set plugin images path to: C:\ST\STM32CubeIDE_1.18.1\STM32CubeIDE\plugins\com.st.stm32cube.common.mx_6.15.0.202507011659\\db\/plugins/mcufinder/images/
2026-04-30 08:27:33,021 [WARN] DbFile:41 - Overriding database path with different value: C:\Users\elena\.stmcufinder\plugins\mcufinder/ => C:\Users\elena\.stmcufinder\plugins\mcufinder
2026-04-30 08:27:33,021 [INFO] ApiDb:250 - Set database path to: C:\Users\elena\.stmcufinder\plugins\mcufinder//mcu/
2026-04-30 08:27:33,021 [WARN] DbFile:41 - Overriding database path with different value: C:\Users\elena\.stmcufinder\plugins\mcufinder/ => C:\Users\elena\.stmcufinder\plugins\mcufinder
2026-04-30 08:27:33,021 [INFO] DbMcusAds:125 - Set database path to: C:\Users\elena\.stmcufinder\plugins\mcufinder//mcu/
2026-04-30 08:27:33,021 [WARN] DbFile:41 - Overriding database path with different value: C:\Users\elena\.stmcufinder\plugins\mcufinder/ => C:\Users\elena\.stmcufinder\plugins\mcufinder
2026-04-30 08:27:33,021 [WARN] DbFile:41 - Overriding database path with different value: C:\Users\elena\.stmcufinder\plugins\mcufinder/ => C:\Users\elena\.stmcufinder\plugins\mcufinder
2026-04-30 08:27:33,021 [INFO] CrossReferenceDbSqlite:203 - Set database path to: C:\Users\elena\.stmcufinder\plugins\mcufinder//mcu/cs/
2026-04-30 08:27:33,067 [INFO] MainPanel:274 - HeapMemory: 268435456
2026-04-30 08:27:33,122 [INFO] DbMcusXml:78 - Set database path to: C:\ST\STM32CubeIDE_1.18.1\STM32CubeIDE\plugins\com.st.stm32cube.common.mx_6.15.0.202507011659\\db\/mcu/
2026-04-30 08:27:33,122 [INFO] ApiDb:274 - Set plugin database path to: C:\ST\STM32CubeIDE_1.18.1\STM32CubeIDE\plugins\com.st.stm32cube.common.mx_6.15.0.202507011659\\db\/plugins/boardmanager/
2026-04-30 08:27:33,122 [INFO] ApiDb:261 - Set plugin images path to: C:\ST\STM32CubeIDE_1.18.1\STM32CubeIDE\plugins\com.st.stm32cube.common.mx_6.15.0.202507011659\\db\/plugins/mcufinder/images/
2026-04-30 08:27:33,122 [WARN] DbFile:41 - Overriding database path with different value: C:\Users\elena\.stmcufinder\plugins\mcufinder/ => C:\Users\elena\.stmcufinder\plugins\mcufinder
2026-04-30 08:27:33,122 [INFO] ApiDb:250 - Set database path to: C:\Users\elena\.stmcufinder\plugins\mcufinder//mcu/
2026-04-30 08:27:33,122 [WARN] DbFile:41 - Overriding database path with different value: C:\Users\elena\.stmcufinder\plugins\mcufinder/ => C:\Users\elena\.stmcufinder\plugins\mcufinder
2026-04-30 08:27:33,122 [INFO] DbMcusAds:125 - Set database path to: C:\Users\elena\.stmcufinder\plugins\mcufinder//mcu/
2026-04-30 08:27:33,122 [WARN] DbFile:41 - Overriding database path with different value: C:\Users\elena\.stmcufinder\plugins\mcufinder/ => C:\Users\elena\.stmcufinder\plugins\mcufinder
2026-04-30 08:27:33,122 [WARN] DbFile:41 - Overriding database path with different value: C:\Users\elena\.stmcufinder\plugins\mcufinder/ => C:\Users\elena\.stmcufinder\plugins\mcufinder
2026-04-30 08:27:33,123 [INFO] CrossReferenceDbSqlite:203 - Set database path to: C:\Users\elena\.stmcufinder\plugins\mcufinder//mcu/cs/
2026-04-30 08:27:33,133 [INFO] ApplicationProperties:184 - Using Application install path: C:\ST\STM32CubeIDE_1.18.1\STM32CubeIDE\plugins\com.st.stm32cube.common.mx_6.15.0.202507011659
2026-04-30 08:27:33,133 [INFO] PluginManage:196 - Search for loadable plugins [exclusion list=, ]
2026-04-30 08:27:33,135 [INFO] PluginManage:310 - Check plugin analytics
2026-04-30 08:27:33,278 [INFO] AnalyticsPlugin:253 - Accepted Software Licenses: 
2026-04-30 08:27:33,278 [INFO] AnalyticsPlugin:255 - Accepted CMSIS Pack Licenses: 
2026-04-30 08:27:33,278 [INFO] AnalyticsPlugin:257 - Accepted Firmware Licenses: 
2026-04-30 08:27:33,280 [INFO] PluginManage:359 - Loaded plugin analytics (category:tool,tabindex:-1)
2026-04-30 08:27:33,281 [INFO] PluginManage:310 - Check plugin cadmodel
2026-04-30 08:27:33,283 [INFO] CADModel:105 - Init CAD model plugin
2026-04-30 08:27:33,283 [INFO] PluginManage:359 - Loaded plugin cadmodel (category:power,tabindex:5)
2026-04-30 08:27:33,283 [INFO] PluginManage:310 - Check plugin clock
2026-04-30 08:27:33,291 [INFO] PluginManage:359 - Loaded plugin clock (category:base,tabindex:2)
2026-04-30 08:27:33,292 [INFO] PluginManage:310 - Check plugin ddr
2026-04-30 08:27:33,293 [INFO] PluginManage:359 - Loaded plugin ddr (category:tool,tabindex:6)
2026-04-30 08:27:33,293 [INFO] PluginManage:310 - Check plugin filemanager
2026-04-30 08:27:33,382 [ERROR] LogOutputStream:75 - [STDERR_REDIRECT] [Fatal Error] :1:1: Premature end of file.
2026-04-30 08:27:33,383 [ERROR] LogOutputStream:75 - [STDERR_REDIRECT] 
2026-04-30 08:27:33,397 [INFO] PluginManage:359 - Loaded plugin filemanager (category:base,tabindex:10)
2026-04-30 08:27:33,397 [INFO] PluginManage:310 - Check plugin ipmanager
2026-04-30 08:27:33,402 [INFO] PluginManage:359 - Loaded plugin ipmanager (category:base,tabindex:5)
2026-04-30 08:27:33,402 [INFO] PluginManage:310 - Check plugin lpbam
2026-04-30 08:27:33,408 [INFO] PluginManage:359 - Loaded plugin lpbam (category:base,tabindex:0)
2026-04-30 08:27:33,409 [INFO] PluginManage:310 - Check plugin memorymap
2026-04-30 08:27:33,416 [INFO] PluginManage:359 - Loaded plugin memorymap (category:base,tabindex:4)
2026-04-30 08:27:33,416 [INFO] PluginManage:310 - Check plugin pinoutandconfiguration
2026-04-30 08:27:33,421 [INFO] PluginManage:359 - Loaded plugin pinoutandconfiguration (category:base,tabindex:1)
2026-04-30 08:27:33,421 [INFO] PluginManage:310 - Check plugin pinoutconfig
2026-04-30 08:27:33,481 [WARN] SupportedApi:132 - Cannot load RTOS API schema: s4s-elt-must-match.1: The content of 'definitions' must match (annotation?, (simpleType | complexType)?, (unique | key | keyref)*)). A problem was found starting at: attribute.
2026-04-30 08:27:33,576 [INFO] PluginManage:359 - Loaded plugin pinoutconfig (category:base,tabindex:0)
2026-04-30 08:27:33,576 [INFO] PluginManage:310 - Check plugin power
2026-04-30 08:27:33,582 [INFO] PluginManage:359 - Loaded plugin power (category:power,tabindex:4)
2026-04-30 08:27:33,582 [INFO] PluginManage:310 - Check plugin projectmanager
2026-04-30 08:27:33,594 [INFO] PluginManage:359 - Loaded plugin projectmanager (category:projectmanager,tabindex:4)
2026-04-30 08:27:33,594 [INFO] PluginManage:310 - Check plugin rif
2026-04-30 08:27:33,600 [INFO] PluginManage:359 - Loaded plugin rif (category:base,tabindex:3)
2026-04-30 08:27:33,600 [INFO] PluginManage:310 - Check plugin thirdparty
2026-04-30 08:27:33,691 [INFO] PluginManage:359 - Loaded plugin thirdparty (category:base,tabindex:-1)
2026-04-30 08:27:33,691 [INFO] PluginManage:310 - Check plugin tools
2026-04-30 08:27:33,691 [WARN] IntegrityCheckThread:84 - waiting for thirdparty lock release [integrity check]
2026-04-30 08:27:33,691 [INFO] IntegrityCheckThread:86 - entering critical section [integrity check]
2026-04-30 08:27:33,692 [INFO] ThirdPartyUpdaterWithRetryManager:70 - Updater plugin not ready yet. [1/15]
2026-04-30 08:27:33,693 [INFO] PluginManage:359 - Loaded plugin tools (category:base,tabindex:7)
2026-04-30 08:27:33,693 [INFO] PluginManage:310 - Check plugin tutovideos
2026-04-30 08:27:33,819 [INFO] PluginManage:359 - Loaded plugin tutovideos (category:base,tabindex:-1)
2026-04-30 08:27:33,819 [INFO] PluginManage:310 - Check plugin updater
2026-04-30 08:27:33,835 [INFO] PluginManage:359 - Loaded plugin updater (category:base,tabindex:12)
2026-04-30 08:27:33,835 [INFO] PluginManage:310 - Check plugin userauth
2026-04-30 08:27:33,839 [INFO] UserAuth:118 - Init User Auth plugin
2026-04-30 08:27:33,839 [INFO] PluginManage:359 - Loaded plugin userauth (category:base,tabindex:14)
2026-04-30 08:27:33,839 [INFO] PluginManage:283 - PluginManage : Loaded plugins [18]
2026-04-30 08:27:34,003 [INFO] PinOutPanel:1589 - setPackage(No Configuration,No Configuration)
2026-04-30 08:27:34,061 [INFO] CADModel:165 - CPN selected for project level
2026-04-30 08:27:34,061 [INFO] CADModel:114 - Register for checkConnection events
2026-04-30 08:27:34,075 [INFO] IPUIPlugin:80 - create IPUIPlugin
2026-04-30 08:27:34,075 [INFO] PluginManager:220 - loadIPPluginJar : add adc
2026-04-30 08:27:34,078 [INFO] IPUIPlugin:80 - create IPUIPlugin
2026-04-30 08:27:34,078 [INFO] PluginManager:220 - loadIPPluginJar : add aes
2026-04-30 08:27:34,080 [INFO] IPUIPlugin:80 - create IPUIPlugin
2026-04-30 08:27:34,080 [INFO] PluginManager:220 - loadIPPluginJar : add can
2026-04-30 08:27:34,082 [INFO] IPUIPlugin:80 - create IPUIPlugin
2026-04-30 08:27:34,082 [INFO] PluginManager:220 - loadIPPluginJar : add comp
2026-04-30 08:27:34,083 [INFO] IPUIPlugin:80 - create IPUIPlugin
2026-04-30 08:27:34,083 [INFO] PluginManager:220 - loadIPPluginJar : add cryp
2026-04-30 08:27:34,087 [INFO] IPUIPlugin:80 - create IPUIPlugin
2026-04-30 08:27:34,087 [INFO] PluginManager:220 - loadIPPluginJar : add ddr_ctrl_phy
2026-04-30 08:27:34,089 [INFO] IPUIPlugin:80 - create IPUIPlugin
2026-04-30 08:27:34,089 [INFO] PluginManager:220 - loadIPPluginJar : add dfsdm
2026-04-30 08:27:34,095 [INFO] IPUIPlugin:80 - create IPUIPlugin
2026-04-30 08:27:34,095 [INFO] PluginManager:220 - loadIPPluginJar : add dma
2026-04-30 08:27:34,097 [INFO] IPUIPlugin:80 - create IPUIPlugin
2026-04-30 08:27:34,097 [INFO] PluginManager:220 - loadIPPluginJar : add dma3
2026-04-30 08:27:34,099 [INFO] IPUIPlugin:80 - create IPUIPlugin
2026-04-30 08:27:34,099 [INFO] PluginManager:220 - loadIPPluginJar : add extmemmanager
2026-04-30 08:27:34,101 [INFO] IPUIPlugin:80 - create IPUIPlugin
2026-04-30 08:27:34,101 [INFO] PluginManager:220 - loadIPPluginJar : add fatfs
2026-04-30 08:27:34,105 [INFO] IPUIPlugin:80 - create IPUIPlugin
2026-04-30 08:27:34,105 [INFO] PluginManager:220 - loadIPPluginJar : add fmc
2026-04-30 08:27:34,110 [INFO] IPUIPlugin:80 - create IPUIPlugin
2026-04-30 08:27:34,110 [INFO] PluginManager:220 - loadIPPluginJar : add freertos
2026-04-30 08:27:34,112 [INFO] IPUIPlugin:80 - create IPUIPlugin
2026-04-30 08:27:34,112 [INFO] PluginManager:220 - loadIPPluginJar : add genericplugin
2026-04-30 08:27:34,113 [INFO] IPUIPlugin:80 - create IPUIPlugin
2026-04-30 08:27:34,113 [INFO] PluginManager:220 - loadIPPluginJar : add gfxmmu
2026-04-30 08:27:34,118 [INFO] IPUIPlugin:80 - create IPUIPlugin
2026-04-30 08:27:34,118 [INFO] PluginManager:220 - loadIPPluginJar : add gic
2026-04-30 08:27:34,121 [INFO] IPUIPlugin:80 - create IPUIPlugin
2026-04-30 08:27:34,121 [INFO] PluginManager:220 - loadIPPluginJar : add gpio
2026-04-30 08:27:34,123 [INFO] IPUIPlugin:80 - create IPUIPlugin
2026-04-30 08:27:34,123 [INFO] PluginManager:220 - loadIPPluginJar : add gtzc
2026-04-30 08:27:34,125 [INFO] IPUIPlugin:80 - create IPUIPlugin
2026-04-30 08:27:34,125 [INFO] PluginManager:220 - loadIPPluginJar : add hash
2026-04-30 08:27:34,127 [INFO] IPUIPlugin:80 - create IPUIPlugin
2026-04-30 08:27:34,127 [INFO] PluginManager:220 - loadIPPluginJar : add i2c
2026-04-30 08:27:34,129 [INFO] IPUIPlugin:80 - create IPUIPlugin
2026-04-30 08:27:34,129 [INFO] PluginManager:220 - loadIPPluginJar : add i2s
2026-04-30 08:27:34,131 [INFO] IPUIPlugin:80 - create IPUIPlugin
2026-04-30 08:27:34,131 [INFO] PluginManager:220 - loadIPPluginJar : add i3c
2026-04-30 08:27:34,133 [INFO] IPUIPlugin:80 - create IPUIPlugin
2026-04-30 08:27:34,133 [INFO] PluginManager:220 - loadIPPluginJar : add ipddr
2026-04-30 08:27:34,139 [INFO] IPUIPlugin:80 - create IPUIPlugin
2026-04-30 08:27:34,140 [INFO] PluginManager:220 - loadIPPluginJar : add linkedlist
2026-04-30 08:27:34,141 [INFO] IPUIPlugin:80 - create IPUIPlugin
2026-04-30 08:27:34,141 [INFO] PluginManager:220 - loadIPPluginJar : add lorawan
2026-04-30 08:27:34,142 [INFO] IPUIPlugin:80 - create IPUIPlugin
2026-04-30 08:27:34,142 [INFO] PluginManager:220 - loadIPPluginJar : add ltdc
2026-04-30 08:27:34,146 [INFO] IPUIPlugin:80 - create IPUIPlugin
2026-04-30 08:27:34,147 [INFO] PluginManager:220 - loadIPPluginJar : add mdma
2026-04-30 08:27:34,149 [INFO] IPUIPlugin:80 - create IPUIPlugin
2026-04-30 08:27:34,149 [INFO] PluginManager:220 - loadIPPluginJar : add nvic
2026-04-30 08:27:34,152 [INFO] IPUIPlugin:80 - create IPUIPlugin
2026-04-30 08:27:34,152 [INFO] PluginManager:220 - loadIPPluginJar : add opamp
2026-04-30 08:27:34,155 [INFO] IPUIPlugin:80 - create IPUIPlugin
2026-04-30 08:27:34,155 [INFO] PluginManager:220 - loadIPPluginJar : add openamp
2026-04-30 08:27:34,157 [INFO] IPUIPlugin:80 - create IPUIPlugin
2026-04-30 08:27:34,157 [INFO] PluginManager:220 - loadIPPluginJar : add pdm2pcm
2026-04-30 08:27:34,161 [INFO] IPUIPlugin:80 - create IPUIPlugin
2026-04-30 08:27:34,164 [INFO] PluginManager:220 - loadIPPluginJar : add plateformsettings
2026-04-30 08:27:34,165 [INFO] IPUIPlugin:80 - create IPUIPlugin
2026-04-30 08:27:34,165 [INFO] PluginManager:220 - loadIPPluginJar : add quadspi
2026-04-30 08:27:34,166 [INFO] IPUIPlugin:80 - create IPUIPlugin
2026-04-30 08:27:34,166 [INFO] PluginManager:220 - loadIPPluginJar : add radio
2026-04-30 08:27:34,169 [INFO] IPUIPlugin:80 - create IPUIPlugin
2026-04-30 08:27:34,169 [INFO] PluginManager:220 - loadIPPluginJar : add resmgrutility
2026-04-30 08:27:34,171 [INFO] IPUIPlugin:80 - create IPUIPlugin
2026-04-30 08:27:34,171 [INFO] PluginManager:220 - loadIPPluginJar : add sai
2026-04-30 08:27:34,173 [INFO] IPUIPlugin:80 - create IPUIPlugin
2026-04-30 08:27:34,173 [INFO] PluginManager:220 - loadIPPluginJar : add spi
2026-04-30 08:27:34,178 [INFO] IPUIPlugin:80 - create IPUIPlugin
2026-04-30 08:27:34,179 [INFO] PluginManager:220 - loadIPPluginJar : add stm32_wpan
2026-04-30 08:27:34,180 [INFO] IPUIPlugin:80 - create IPUIPlugin
2026-04-30 08:27:34,180 [INFO] PluginManager:220 - loadIPPluginJar : add tim
2026-04-30 08:27:34,182 [INFO] IPUIPlugin:80 - create IPUIPlugin
2026-04-30 08:27:34,182 [INFO] PluginManager:220 - loadIPPluginJar : add touchsensing
2026-04-30 08:27:34,183 [INFO] IPUIPlugin:80 - create IPUIPlugin
2026-04-30 08:27:34,183 [INFO] PluginManager:220 - loadIPPluginJar : add tracer_emb
2026-04-30 08:27:34,184 [INFO] IPUIPlugin:80 - create IPUIPlugin
2026-04-30 08:27:34,184 [INFO] PluginManager:220 - loadIPPluginJar : add ts
2026-04-30 08:27:34,185 [INFO] IPUIPlugin:80 - create IPUIPlugin
2026-04-30 08:27:34,185 [INFO] PluginManager:220 - loadIPPluginJar : add tsc
2026-04-30 08:27:34,186 [INFO] IPUIPlugin:80 - create IPUIPlugin
2026-04-30 08:27:34,186 [INFO] PluginManager:220 - loadIPPluginJar : add ucpd
2026-04-30 08:27:34,188 [INFO] IPUIPlugin:80 - create IPUIPlugin
2026-04-30 08:27:34,188 [INFO] PluginManager:220 - loadIPPluginJar : add usart
2026-04-30 08:27:34,191 [INFO] IPUIPlugin:80 - create IPUIPlugin
2026-04-30 08:27:34,191 [INFO] PluginManager:220 - loadIPPluginJar : add usbx
2026-04-30 08:27:34,298 [FATAL] Updater:351 - Updater called before beeing initialized
2026-04-30 08:27:34,317 [INFO] RulesReader:64 - Compatibility file has been processed (317 Rules)
2026-04-30 08:27:34,326 [INFO] RulesReader:64 - Compatibility file has been processed (317 Rules)
2026-04-30 08:27:34,332 [INFO] CADModel:165 - CPN selected for project level
2026-04-30 08:27:34,332 [INFO] CADModel:114 - Register for checkConnection events
2026-04-30 08:27:34,332 [FATAL] Updater:351 - Updater called before beeing initialized
2026-04-30 08:27:34,332 [ERROR] CADModel:125 - Updater not yet initialized, retry later 
2026-04-30 08:27:34,385 [ERROR] LogOutputStream:75 - [STDERR_REDIRECT] [Fatal Error] :1:1: Premature end of file.
2026-04-30 08:27:34,385 [ERROR] LogOutputStream:75 - [STDERR_REDIRECT] 
2026-04-30 08:27:34,425 [FATAL] Updater:351 - Updater called before beeing initialized
2026-04-30 08:27:34,426 [INFO] CADModel:165 - CPN selected for project level
2026-04-30 08:27:34,426 [INFO] CADModel:114 - Register for checkConnection events
2026-04-30 08:27:34,426 [FATAL] Updater:351 - Updater called before beeing initialized
2026-04-30 08:27:34,426 [ERROR] CADModel:125 - Updater not yet initialized, retry later 
2026-04-30 08:27:34,429 [FATAL] Updater:351 - Updater called before beeing initialized
2026-04-30 08:27:34,512 [FATAL] Updater:351 - Updater called before beeing initialized
2026-04-30 08:27:34,515 [INFO] DbMcusAds:53 - JSON generation date=Fri Apr 10 19:19:02 AEST 2026 (1775812742310)
2026-04-30 08:27:34,515 [FATAL] Updater:351 - Updater called before beeing initialized
2026-04-30 08:27:34,542 [WARN] DetailPanel:346 - Failed to get advertising image, set to default
2026-04-30 08:27:34,611 [FATAL] Updater:351 - Updater called before beeing initialized
2026-04-30 08:27:34,612 [FATAL] Updater:351 - Updater called before beeing initialized
2026-04-30 08:27:34,612 [FATAL] Updater:351 - Updater called before beeing initialized
2026-04-30 08:27:34,613 [WARN] DetailPanel:346 - Failed to get advertising image, set to default
2026-04-30 08:27:34,614 [FATAL] Updater:351 - Updater called before beeing initialized
2026-04-30 08:27:34,641 [ERROR] Updater:1198 - MainUpdater not yet initialized. External WinMGr cannot be set.
2026-04-30 08:27:34,643 [INFO] Updater:1134 - Updater Version found : 6.15.0
2026-04-30 08:27:34,656 [INFO] ApplicationProperties:184 - Using Application install path: C:\ST\STM32CubeIDE_1.18.1\STM32CubeIDE\plugins\com.st.stm32cube.common.mx_6.15.0.202507011659
2026-04-30 08:27:35,384 [ERROR] LogOutputStream:75 - [STDERR_REDIRECT] [Fatal Error] :1:1: Premature end of file.
2026-04-30 08:27:35,384 [ERROR] LogOutputStream:75 - [STDERR_REDIRECT] 
2026-04-30 08:27:36,223 [ERROR] LogOutputStream:75 - [STDERR_REDIRECT] Apr 30, 2026 8:27:36 AM java.util.prefs.WindowsPreferences <init>
2026-04-30 08:27:36,224 [ERROR] LogOutputStream:75 - [STDERR_REDIRECT] WARNING: Could not open/create prefs root node Software\JavaSoft\Prefs at root 0xffffffff80000002. Windows RegCreateKeyEx(...) returned error code 5.
2026-04-30 08:27:36,224 [ERROR] LogOutputStream:75 - [STDERR_REDIRECT] 
2026-04-30 08:27:36,382 [ERROR] LogOutputStream:75 - [STDERR_REDIRECT] [Fatal Error] :1:1: Premature end of file.
2026-04-30 08:27:36,382 [ERROR] LogOutputStream:75 - [STDERR_REDIRECT] 
2026-04-30 08:27:36,403 [INFO] MainUpdater:2872 - connection check result : 10
2026-04-30 08:27:36,404 [INFO] MainUpdater:289 - Updater Check For Update Now.
2026-04-30 08:27:36,404 [INFO] MicroXplorer:498 - Change Database Version : DB.6.0.150
2026-04-30 08:27:36,407 [INFO] McuFinderGlobals:63 - Set McuFinder mode to 2 (CubeIDE integrated)
2026-04-30 08:27:36,408 [INFO] UserAuth:487 - Internet connection configuration mode: 1
2026-04-30 08:27:36,420 [INFO] JxBrowserEngine:152 - Initiate JxBrowser Engine with user profile folder
2026-04-30 08:27:36,587 [INFO] CheckServerUpdateThread:120 - End of CheckServer Thread
2026-04-30 08:27:36,966 [WARN] PackLoader:240 - Cannot read IP mode file for STMicroelectronics.X-CUBE-AZRTOS-H7.3.5.0
2026-04-30 08:27:36,981 [WARN] PackLoader:240 - Cannot read IP mode file for STMicroelectronics.FP-SNS-MOTENVWB1.1.4.0
2026-04-30 08:27:36,985 [WARN] PackLoader:240 - Cannot read IP mode file for STMicroelectronics.FP-ATR-ASTRA1.2.0.2
2026-04-30 08:27:36,994 [WARN] PackLoader:240 - Cannot read IP mode file for STMicroelectronics.X-CUBE-SMBUS.2.1.0
2026-04-30 08:27:36,999 [WARN] PackLoader:240 - Cannot read IP mode file for STMicroelectronics.X-CUBE-ST60.1.0.0
2026-04-30 08:27:37,016 [INFO] WebApp:169 - Instantiating new browser for Auth
2026-04-30 08:27:37,016 [WARN] PackLoader:240 - Cannot read IP mode file for STMicroelectronics.X-CUBE-AZRTOS-F7.1.1.0
2026-04-30 08:27:37,030 [WARN] PackLoader:240 - Cannot read IP mode file for STMicroelectronics.FP-SNS-MOTENV1.5.1.0
2026-04-30 08:27:37,059 [WARN] PackLoader:240 - Cannot read IP mode file for Infineon.AIROC-Wi-Fi-Bluetooth-STM32.1.7.0
2026-04-30 08:27:37,087 [WARN] PackLoader:240 - Cannot read IP mode file for STMicroelectronics.X-CUBE-AZRTOS-H7.3.4.0
2026-04-30 08:27:37,107 [WARN] PackLoader:240 - Cannot read IP mode file for STMicroelectronics.X-CUBE-DISPLAY.3.0.0
2026-04-30 08:27:37,118 [WARN] PackLoader:240 - Cannot read IP mode file for STMicroelectronics.X-CUBE-GNSS1.7.1.1
2026-04-30 08:27:37,130 [WARN] PackLoader:240 - Cannot read IP mode file for STMicroelectronics.X-CUBE-NFC10.1.0.0
2026-04-30 08:27:37,138 [WARN] PackLoader:240 - Cannot read IP mode file for STMicroelectronics.X-CUBE-BLEMGR.4.0.0
2026-04-30 08:27:37,145 [WARN] PackLoader:240 - Cannot read IP mode file for STMicroelectronics.X-CUBE-ST60.1.1.0
2026-04-30 08:27:37,145 [WARN] PackLoader:240 - Cannot read IP mode file for emotas.I-CUBE-CANOPEN.1.3.0
2026-04-30 08:27:37,152 [WARN] PackLoader:240 - Cannot read IP mode file for STMicroelectronics.X-CUBE-GNSS1.7.1.0
2026-04-30 08:27:37,155 [WARN] ConditionMgr:438 - getConditionDescription Invalid condition id : Cortex-A Device cause : null
2026-04-30 08:27:37,165 [WARN] ConditionMgr:1044 - genDependencies : Invalid condition id : Cortex-A Device cause : null
2026-04-30 08:27:37,165 [WARN] ConditionMgr:1044 - genDependencies : Invalid condition id : Cortex-A Device cause : null
2026-04-30 08:27:37,165 [WARN] ConditionMgr:1044 - genDependencies : Invalid condition id : Cortex-A Device cause : null
2026-04-30 08:27:37,172 [WARN] PackLoader:240 - Cannot read IP mode file for STMicroelectronics.FP-SNS-STBOX1.2.1.0
2026-04-30 08:27:37,178 [WARN] PackLoader:240 - Cannot read IP mode file for STMicroelectronics.FP-SNS-SMARTAG2.1.2.0
2026-04-30 08:27:37,185 [WARN] PackLoader:240 - Cannot read IP mode file for STMicroelectronics.FP-SNS-FLIGHT1.5.1.0
2026-04-30 08:27:37,192 [INFO] LogOutputStream:77 - [STDOUT_REDIRECT] 1 : Invalid condition id : UX_CORESTACK_Condition cause : null
2026-04-30 08:27:37,192 [INFO] LogOutputStream:77 - [STDOUT_REDIRECT] 1 : Invalid condition id : UX_CORESTACK_Condition cause : null
2026-04-30 08:27:37,192 [INFO] LogOutputStream:77 - [STDOUT_REDIRECT] 1 : Invalid condition id : UX_CORESTACK_Condition cause : null
2026-04-30 08:27:37,194 [INFO] LogOutputStream:77 - [STDOUT_REDIRECT] 1 : Invalid condition id : UX_CORESTACK_Condition cause : null
2026-04-30 08:27:37,195 [INFO] LogOutputStream:77 - [STDOUT_REDIRECT] 1 : Invalid condition id : UX_CORESTACK_Condition cause : null
2026-04-30 08:27:37,195 [WARN] PackLoader:240 - Cannot read IP mode file for STMicroelectronics.X-CUBE-AZRTOS-WL.2.0.0
2026-04-30 08:27:37,195 [WARN] PackLoader:240 - Cannot read IP mode file for STMicroelectronics.FP-SNS-MOTENV1.5.0.0
2026-04-30 08:27:37,215 [WARN] PackLoader:240 - Cannot read IP mode file for STMicroelectronics.X-CUBE-AZRTOS-H7RS.1.2.0
2026-04-30 08:27:37,219 [WARN] PackLoader:240 - Cannot read IP mode file for WES.I-CUBE-Cesium.1.3.0
2026-04-30 08:27:37,228 [WARN] PackLoader:240 - Cannot read IP mode file for STMicroelectronics.X-CUBE-BLE2.3.3.0
2026-04-30 08:27:37,231 [WARN] PackLoader:240 - Cannot read IP mode file for STMicroelectronics.X-CUBE-NFC9.1.0.0
2026-04-30 08:27:37,235 [WARN] PackLoader:240 - Cannot read IP mode file for wolfSSL.I-CUBE-wolfSSL.5.8.0
2026-04-30 08:27:37,235 [WARN] PackLoader:240 - Cannot read IP mode file for STMicroelectronics.X-CUBE-BLE1.7.1.0
2026-04-30 08:27:37,242 [WARN] PackLoader:240 - Cannot read IP mode file for wolfSSL.I-CUBE-wolfMQTT.1.19.2
2026-04-30 08:27:37,245 [WARN] PackLoader:240 - Cannot read IP mode file for STMicroelectronics.X-CUBE-FREERTOS.1.4.0
2026-04-30 08:27:37,252 [WARN] PackLoader:240 - Cannot read IP mode file for STMicroelectronics.X-CUBE-EEPRMA1.5.2.0
2026-04-30 08:27:37,255 [WARN] PackLoader:240 - Cannot read IP mode file for STMicroelectronics.X-CUBE-ST67W61.1.1.0
2026-04-30 08:27:37,261 [WARN] PackLoader:240 - Cannot read IP mode file for STMicroelectronics.X-CUBE-AI.10.1.0
2026-04-30 08:27:37,265 [WARN] PackLoader:240 - Cannot read IP mode file for STMicroelectronics.FP-SNS-STAIOTCFT.1.1.0
2026-04-30 08:27:37,295 [WARN] PackLoader:240 - Cannot read IP mode file for STMicroelectronics.X-CUBE-MEMS1.12.0.0
2026-04-30 08:27:37,414 [ERROR] LogOutputStream:75 - [STDERR_REDIRECT] [Fatal Error] :1:1: Premature end of file.
2026-04-30 08:27:37,414 [ERROR] LogOutputStream:75 - [STDERR_REDIRECT] 
2026-04-30 08:27:37,415 [WARN] PackLoader:240 - Cannot read IP mode file for STMicroelectronics.X-CUBE-AZRTOS-G0.1.1.0
2026-04-30 08:27:37,422 [WARN] PackLoader:240 - Cannot read IP mode file for STMicroelectronics.X-CUBE-SAFEA1.1.2.2
2026-04-30 08:27:37,425 [WARN] PackLoader:240 - Cannot read IP mode file for STMicroelectronics.X-CUBE-NFC4.3.0.0
2026-04-30 08:27:37,432 [WARN] PackLoader:240 - Cannot read IP mode file for EmbeddedOffice.I-CUBE-FS-RTOS.1.0.1
2026-04-30 08:27:37,435 [WARN] PackLoader:240 - Cannot read IP mode file for STMicroelectronics.X-CUBE-WB05N.2.0.0
2026-04-30 08:27:37,439 [WARN] PackLoader:240 - Cannot read IP mode file for wolfSSL.I-CUBE-wolfTPM.3.8.0
2026-04-30 08:27:37,446 [WARN] PackLoader:240 - Cannot read IP mode file for STMicroelectronics.X-CUBE-TCPP.4.2.0
2026-04-30 08:27:37,446 [WARN] PackLoader:240 - Cannot read IP mode file for RealThread.X-CUBE-RT-Thread_Nano.4.1.1
2026-04-30 08:27:37,455 [WARN] PackLoader:240 - Cannot read IP mode file for STMicroelectronics.FP-ATR-SIGFOX1.3.2.0
2026-04-30 08:27:37,455 [WARN] PackLoader:240 - Cannot read IP mode file for STMicroelectronics.X-CUBE-EEPRMA1.5.1.0
2026-04-30 08:27:37,465 [WARN] PackLoader:240 - Cannot read IP mode file for ITTIA_DB.I-CUBE-ITTIADB.8.9.0
2026-04-30 08:27:37,473 [WARN] PackLoader:240 - Cannot read IP mode file for STMicroelectronics.X-CUBE-ST67W61.1.0.0
2026-04-30 08:27:37,477 [WARN] PackLoader:240 - Cannot read IP mode file for STMicroelectronics.X-CUBE-AI.10.2.0
2026-04-30 08:27:37,506 [WARN] PackLoader:240 - Cannot read IP mode file for STMicroelectronics.X-CUBE-MEMS1.12.1.0
2026-04-30 08:27:37,586 [WARN] PackLoader:240 - Cannot read IP mode file for SEGGER.I-CUBE-embOS.1.3.1
2026-04-30 08:27:37,615 [WARN] PackLoader:240 - Cannot read IP mode file for STMicroelectronics.X-CUBE-ALGOBUILD.1.4.0
2026-04-30 08:27:37,649 [WARN] PackLoader:240 - Cannot read IP mode file for STMicroelectronics.X-CUBE-MEMS1.11.3.0
2026-04-30 08:27:37,747 [WARN] PackLoader:240 - Cannot read IP mode file for STMicroelectronics.X-CUBE-PM33A1.1.0.0
2026-04-30 08:27:37,761 [WARN] PackLoader:240 - Cannot read IP mode file for STMicroelectronics.X-CUBE-AZRTOS-F4.1.1.0
2026-04-30 08:27:37,766 [WARN] PackLoader:240 - Cannot read IP mode file for STMicroelectronics.X-CUBE-ISPU.2.1.0
2026-04-30 08:27:37,779 [WARN] PackLoader:240 - Cannot read IP mode file for STMicroelectronics.X-CUBE-IPS.3.2.0
2026-04-30 08:27:37,787 [WARN] PackLoader:240 - Cannot read IP mode file for STMicroelectronics.eDS-WB_DPC_TT-BIDIR.2.1.1
2026-04-30 08:27:37,792 [WARN] PackLoader:240 - Cannot read IP mode file for STMicroelectronics.X-CUBE-NFC12.1.0.0
2026-04-30 08:27:37,804 [WARN] PackLoader:240 - Cannot read IP mode file for STMicroelectronics.X-CUBE-AZRTOS-L5.2.0.0
2026-04-30 08:27:37,811 [WARN] PackLoader:240 - Cannot read IP mode file for STMicroelectronics.X-CUBE-NFC6.3.1.0
2026-04-30 08:27:37,815 [WARN] PackLoader:240 - Cannot read IP mode file for STMicroelectronics.eDS-WB_DPC_VIENNA.1.2.0
2026-04-30 08:27:37,817 [WARN] PackLoader:240 - Cannot read IP mode file for STMicroelectronics.eDS-WB_DPC_3PH2L-BIDIR.1.1.1
2026-04-30 08:27:37,817 [INFO] WebApp:463 - Apply proxy settings
2026-04-30 08:27:37,818 [INFO] WebApp:548 - Chromium requires no authentication
2026-04-30 08:27:37,819 [ERROR] Engine:466 - C:\Users\elena\.stm32cubemx\thirdparties\pdsc\STMicroelectronics.X-CUBE-ST67W61.1.3.0.pdsc: PDSC version is not supported
2026-04-30 08:27:37,823 [WARN] PackLoader:240 - Cannot read IP mode file for STMicroelectronics.X-CUBE-FREERTOS.1.3.1
2026-04-30 08:27:37,830 [INFO] WebApp:491 - Direct internet connection detected
2026-04-30 08:27:37,832 [WARN] PackLoader:240 - Cannot read IP mode file for STMicroelectronics.X-CUBE-TOUCHGFX.4.26.0
2026-04-30 08:27:37,837 [WARN] PackLoader:240 - Cannot read IP mode file for STMicroelectronics.X-CUBE-TOUCHGFX.4.26.1
2026-04-30 08:27:37,840 [WARN] PackLoader:240 - Cannot read IP mode file for STMicroelectronics.FP-SNS-STAIOTCFT.1.0.0
2026-04-30 08:27:37,845 [WARN] PackLoader:240 - Cannot read IP mode file for STMicroelectronics.X-CUBE-DPower.1.3.0
2026-04-30 08:27:37,858 [WARN] ConditionMgr:438 - getConditionDescription Invalid condition id : LAN8742 Phy interface Condition cause : null
2026-04-30 08:27:37,858 [WARN] PackLoader:240 - Cannot read IP mode file for STMicroelectronics.X-CUBE-AZRTOS-L4.2.0.0
2026-04-30 08:27:37,858 [WARN] ConditionMgr:1044 - genDependencies : Invalid condition id : LAN8742 Phy interface Condition cause : null
2026-04-30 08:27:37,858 [WARN] ConditionMgr:1044 - genDependencies : Invalid condition id : LAN8742 Phy interface Condition cause : null
2026-04-30 08:27:37,860 [WARN] ConditionMgr:1044 - genDependencies : Invalid condition id : LAN8742 Phy interface Condition cause : null
2026-04-30 08:27:37,865 [INFO] WebApp:900 - Register for checkConnection events
2026-04-30 08:27:37,865 [INFO] WebApp:463 - Apply proxy settings
2026-04-30 08:27:37,865 [WARN] PackLoader:240 - Cannot read IP mode file for STMicroelectronics.X-CUBE-SFXS2LP1.4.0.0
2026-04-30 08:27:37,865 [INFO] WebApp:548 - Chromium requires no authentication
2026-04-30 08:27:37,876 [INFO] WebApp:491 - Direct internet connection detected
2026-04-30 08:27:37,879 [WARN] PackLoader:240 - Cannot read IP mode file for STMicroelectronics.X-CUBE-WB05N.2.1.0
2026-04-30 08:27:37,890 [WARN] PackLoader:240 - Cannot read IP mode file for STMicroelectronics.X-CUBE-AZRTOS-H7.3.3.0
2026-04-30 08:27:37,899 [WARN] PackLoader:240 - Cannot read IP mode file for STMicroelectronics.X-CUBE-BLEMGR.4.1.0
2026-04-30 08:27:37,919 [WARN] ConditionMgr:438 - getConditionDescription Invalid condition id : UX DEVICE CLASS RTOS Condition cause : null
2026-04-30 08:27:37,919 [WARN] ConditionMgr:438 - getConditionDescription Invalid condition id : UX DEVICE CLASS RTOS Condition cause : null
2026-04-30 08:27:37,925 [WARN] PackLoader:240 - Cannot read IP mode file for STMicroelectronics.X-CUBE-AZRTOS-WB.2.0.0
2026-04-30 08:27:37,925 [WARN] ConditionMgr:1044 - genDependencies : Invalid condition id : UX DEVICE CLASS RTOS Condition cause : null
2026-04-30 08:27:37,925 [WARN] ConditionMgr:1044 - genDependencies : Invalid condition id : UX DEVICE CLASS RTOS Condition cause : null
2026-04-30 08:27:37,925 [WARN] ConditionMgr:1044 - genDependencies : Invalid condition id : UX DEVICE CLASS RTOS Condition cause : null
2026-04-30 08:27:37,925 [WARN] ConditionMgr:1044 - genDependencies : Invalid condition id : UX DEVICE CLASS RTOS Condition cause : null
2026-04-30 08:27:37,926 [WARN] ConditionMgr:1044 - genDependencies : Invalid condition id : UX DEVICE CLASS RTOS Condition cause : null
2026-04-30 08:27:37,926 [WARN] PackLoader:240 - Cannot read IP mode file for STMicroelectronics.X-CUBE-GNSS1.7.0.1
2026-04-30 08:27:37,926 [WARN] PackLoader:240 - Cannot read IP mode file for STMicroelectronics.X-CUBE-TOUCHGFX.4.25.0
2026-04-30 08:27:37,935 [WARN] PackLoader:240 - Cannot read IP mode file for STMicroelectronics.FP-SNS-STBOX1.2.0.0
2026-04-30 08:27:37,941 [WARN] PackLoader:240 - Cannot read IP mode file for STMicroelectronics.X-CUBE-STSE01.2.0.0
2026-04-30 08:27:37,948 [WARN] PackLoader:240 - Cannot read IP mode file for STMicroelectronics.X-CUBE-SUBG2.5.0.0
2026-04-30 08:27:37,955 [WARN] PackLoader:240 - Cannot read IP mode file for STMicroelectronics.X-CUBE-AZRTOS-H7RS.1.1.0
2026-04-30 08:27:37,965 [WARN] PackLoader:240 - Cannot read IP mode file for Cesanta.I-CUBE-Mongoose.7.13.0
2026-04-30 08:27:37,969 [WARN] PackLoader:240 - Cannot read IP mode file for STMicroelectronics.X-CUBE-AZRTOS-G4.2.0.0
2026-04-30 08:27:37,978 [WARN] PackLoader:240 - Cannot read IP mode file for wolfSSL.I-CUBE-wolfSSH.1.4.20
2026-04-30 08:27:37,982 [WARN] PackLoader:240 - Cannot read IP mode file for STMicroelectronics.X-CUBE-NFC7.2.0.0
2026-04-30 08:27:37,988 [WARN] PackLoader:240 - Cannot read IP mode file for STMicroelectronics.X-CUBE-IPS.3.1.0
2026-04-30 08:27:37,994 [WARN] PackLoader:240 - Cannot read IP mode file for STMicroelectronics.X-CUBE-ALS.1.0.2
2026-04-30 08:27:37,998 [WARN] PackLoader:240 - Cannot read IP mode file for STMicroelectronics.X-CUBE-STSE01.1.0.0
2026-04-30 08:27:38,002 [WARN] PackLoader:240 - Cannot read IP mode file for portGmbH.I-Cube-SoM-uGOAL.1.1.0
2026-04-30 08:27:38,007 [WARN] PackLoader:240 - Cannot read IP mode file for STMicroelectronics.X-CUBE-TOF1.3.4.3
2026-04-30 08:27:38,015 [INFO] ThirdParty:978 - Integrity check success = true
2026-04-30 08:27:38,015 [INFO] IntegrityCheckThread:100 - exiting critical section [integrity check]
2026-04-30 08:27:38,015 [INFO] IntegrityCheckThread:103 - End integrity checks thread
2026-04-30 08:27:38,118 [INFO] WebApp:225 - Starting web application
2026-04-30 08:27:38,118 [INFO] WebApp:593 - Web application path used C:\ST\STM32CubeIDE_1.18.1\STM32CubeIDE\plugins\com.st.stm32cube.common.mx_6.15.0.202507011659\db\plugins\mcufinder\reactClient1\index.html
2026-04-30 08:27:38,148 [INFO] WebApp:191 - Connection restablished
2026-04-30 08:27:38,223 [INFO] UserAuth:487 - Internet connection configuration mode: 1
2026-04-30 08:27:38,393 [ERROR] LogOutputStream:75 - [STDERR_REDIRECT] [Fatal Error] :1:1: Premature end of file.
2026-04-30 08:27:38,393 [ERROR] LogOutputStream:75 - [STDERR_REDIRECT] 
2026-04-30 08:27:39,386 [ERROR] LogOutputStream:75 - [STDERR_REDIRECT] [Fatal Error] :1:1: Premature end of file.
2026-04-30 08:27:39,386 [ERROR] LogOutputStream:75 - [STDERR_REDIRECT] 
2026-04-30 08:27:40,398 [ERROR] LogOutputStream:75 - [STDERR_REDIRECT] [Fatal Error] :1:1: Premature end of file.
2026-04-30 08:27:40,398 [ERROR] LogOutputStream:75 - [STDERR_REDIRECT] 
2026-04-30 08:27:41,431 [ERROR] LogOutputStream:75 - [STDERR_REDIRECT] [Fatal Error] :1:1: Premature end of file.
2026-04-30 08:27:41,432 [ERROR] LogOutputStream:75 - [STDERR_REDIRECT] 
2026-04-30 08:27:42,460 [ERROR] LogOutputStream:75 - [STDERR_REDIRECT] [Fatal Error] :1:1: Premature end of file.
2026-04-30 08:27:42,460 [ERROR] LogOutputStream:75 - [STDERR_REDIRECT] 
2026-04-30 08:27:43,385 [ERROR] LogOutputStream:75 - [STDERR_REDIRECT] [Fatal Error] :1:1: Premature end of file.
2026-04-30 08:27:43,385 [ERROR] LogOutputStream:75 - [STDERR_REDIRECT] 
2026-04-30 08:27:44,382 [ERROR] LogOutputStream:75 - [STDERR_REDIRECT] [Fatal Error] :1:1: Premature end of file.
2026-04-30 08:27:44,382 [ERROR] LogOutputStream:75 - [STDERR_REDIRECT] 
2026-04-30 08:27:45,395 [ERROR] LogOutputStream:75 - [STDERR_REDIRECT] [Fatal Error] :1:1: Premature end of file.
2026-04-30 08:27:45,395 [ERROR] LogOutputStream:75 - [STDERR_REDIRECT] 
2026-04-30 08:27:46,391 [ERROR] LogOutputStream:75 - [STDERR_REDIRECT] [Fatal Error] :1:1: Premature end of file.
2026-04-30 08:27:46,391 [ERROR] LogOutputStream:75 - [STDERR_REDIRECT] 
2026-04-30 08:27:47,393 [ERROR] LogOutputStream:75 - [STDERR_REDIRECT] [Fatal Error] :1:1: Premature end of file.
2026-04-30 08:27:47,393 [ERROR] LogOutputStream:75 - [STDERR_REDIRECT] 
2026-04-30 08:27:48,379 [ERROR] LogOutputStream:75 - [STDERR_REDIRECT] [Fatal Error] :1:1: Premature end of file.
2026-04-30 08:27:48,379 [ERROR] LogOutputStream:75 - [STDERR_REDIRECT] 
2026-04-30 08:27:49,405 [ERROR] LogOutputStream:75 - [STDERR_REDIRECT] [Fatal Error] :1:1: Premature end of file.
2026-04-30 08:27:49,405 [ERROR] LogOutputStream:75 - [STDERR_REDIRECT] 
2026-04-30 08:27:50,397 [ERROR] LogOutputStream:75 - [STDERR_REDIRECT] [Fatal Error] :1:1: Premature end of file.
2026-04-30 08:27:50,398 [ERROR] LogOutputStream:75 - [STDERR_REDIRECT] 
2026-04-30 08:27:51,397 [ERROR] LogOutputStream:75 - [STDERR_REDIRECT] [Fatal Error] :1:1: Premature end of file.
2026-04-30 08:27:51,397 [ERROR] LogOutputStream:75 - [STDERR_REDIRECT] 
2026-04-30 08:27:52,394 [ERROR] LogOutputStream:75 - [STDERR_REDIRECT] [Fatal Error] :1:1: Premature end of file.
2026-04-30 08:27:52,396 [ERROR] LogOutputStream:75 - [STDERR_REDIRECT] 
2026-04-30 08:27:53,415 [ERROR] LogOutputStream:75 - [STDERR_REDIRECT] [Fatal Error] :1:1: Premature end of file.
2026-04-30 08:27:53,417 [ERROR] LogOutputStream:75 - [STDERR_REDIRECT] 
2026-04-30 08:27:54,388 [ERROR] LogOutputStream:75 - [STDERR_REDIRECT] [Fatal Error] :1:1: Premature end of file.
2026-04-30 08:27:54,388 [ERROR] LogOutputStream:75 - [STDERR_REDIRECT] 
2026-04-30 08:27:55,387 [ERROR] LogOutputStream:75 - [STDERR_REDIRECT] [Fatal Error] :1:1: Premature end of file.
2026-04-30 08:27:55,387 [ERROR] LogOutputStream:75 - [STDERR_REDIRECT] 
2026-04-30 08:27:56,408 [ERROR] LogOutputStream:75 - [STDERR_REDIRECT] [Fatal Error] :1:1: Premature end of file.
2026-04-30 08:27:56,408 [ERROR] LogOutputStream:75 - [STDERR_REDIRECT] 
2026-04-30 08:27:57,410 [ERROR] LogOutputStream:75 - [STDERR_REDIRECT] [Fatal Error] :1:1: Premature end of file.
2026-04-30 08:27:57,411 [ERROR] LogOutputStream:75 - [STDERR_REDIRECT] 
2026-04-30 08:27:58,384 [ERROR] LogOutputStream:75 - [STDERR_REDIRECT] [Fatal Error] :1:1: Premature end of file.
2026-04-30 08:27:58,384 [ERROR] LogOutputStream:75 - [STDERR_REDIRECT] 
2026-04-30 08:27:59,400 [ERROR] LogOutputStream:75 - [STDERR_REDIRECT] [Fatal Error] :1:1: Premature end of file.
2026-04-30 08:27:59,400 [ERROR] LogOutputStream:75 - [STDERR_REDIRECT] 
2026-04-30 08:28:00,396 [ERROR] LogOutputStream:75 - [STDERR_REDIRECT] [Fatal Error] :1:1: Premature end of file.
2026-04-30 08:28:00,397 [ERROR] LogOutputStream:75 - [STDERR_REDIRECT] 
2026-04-30 08:28:01,400 [ERROR] LogOutputStream:75 - [STDERR_REDIRECT] [Fatal Error] :1:1: Premature end of file.
2026-04-30 08:28:01,400 [ERROR] LogOutputStream:75 - [STDERR_REDIRECT] 
2026-04-30 08:28:02,392 [ERROR] LogOutputStream:75 - [STDERR_REDIRECT] [Fatal Error] :1:1: Premature end of file.
2026-04-30 08:28:02,392 [ERROR] LogOutputStream:75 - [STDERR_REDIRECT] 
2026-04-30 08:28:03,400 [ERROR] LogOutputStream:75 - [STDERR_REDIRECT] [Fatal Error] :1:1: Premature end of file.
2026-04-30 08:28:03,400 [ERROR] LogOutputStream:75 - [STDERR_REDIRECT] 
2026-04-30 08:28:04,386 [ERROR] LogOutputStream:75 - [STDERR_REDIRECT] [Fatal Error] :1:1: Premature end of file.
2026-04-30 08:28:04,386 [ERROR] LogOutputStream:75 - [STDERR_REDIRECT] 
2026-04-30 08:28:05,396 [ERROR] LogOutputStream:75 - [STDERR_REDIRECT] [Fatal Error] :1:1: Premature end of file.
2026-04-30 08:28:05,396 [ERROR] LogOutputStream:75 - [STDERR_REDIRECT] 
2026-04-30 08:28:06,393 [ERROR] LogOutputStream:75 - [STDERR_REDIRECT] [Fatal Error] :1:1: Premature end of file.
2026-04-30 08:28:06,394 [ERROR] LogOutputStream:75 - [STDERR_REDIRECT] 
2026-04-30 08:28:07,387 [ERROR] LogOutputStream:75 - [STDERR_REDIRECT] [Fatal Error] :1:1: Premature end of file.
2026-04-30 08:28:07,387 [ERROR] LogOutputStream:75 - [STDERR_REDIRECT] 
2026-04-30 08:28:08,388 [ERROR] LogOutputStream:75 - [STDERR_REDIRECT] [Fatal Error] :1:1: Premature end of file.
2026-04-30 08:28:08,388 [ERROR] LogOutputStream:75 - [STDERR_REDIRECT] 
2026-04-30 08:28:09,395 [ERROR] LogOutputStream:75 - [STDERR_REDIRECT] [Fatal Error] :1:1: Premature end of file.
2026-04-30 08:28:09,395 [ERROR] LogOutputStream:75 - [STDERR_REDIRECT] 
2026-04-30 08:28:10,388 [ERROR] LogOutputStream:75 - [STDERR_REDIRECT] [Fatal Error] :1:1: Premature end of file.
2026-04-30 08:28:10,389 [ERROR] LogOutputStream:75 - [STDERR_REDIRECT] 
2026-04-30 08:28:11,394 [ERROR] LogOutputStream:75 - [STDERR_REDIRECT] [Fatal Error] :1:1: Premature end of file.
2026-04-30 08:28:11,394 [ERROR] LogOutputStream:75 - [STDERR_REDIRECT] 
2026-04-30 08:28:12,391 [ERROR] LogOutputStream:75 - [STDERR_REDIRECT] [Fatal Error] :1:1: Premature end of file.
2026-04-30 08:28:12,391 [ERROR] LogOutputStream:75 - [STDERR_REDIRECT] 
2026-04-30 08:28:13,392 [ERROR] LogOutputStream:75 - [STDERR_REDIRECT] [Fatal Error] :1:1: Premature end of file.
2026-04-30 08:28:13,392 [ERROR] LogOutputStream:75 - [STDERR_REDIRECT] 
2026-04-30 08:28:14,401 [ERROR] LogOutputStream:75 - [STDERR_REDIRECT] [Fatal Error] :1:1: Premature end of file.
2026-04-30 08:28:14,401 [ERROR] LogOutputStream:75 - [STDERR_REDIRECT] 
2026-04-30 08:28:15,389 [ERROR] LogOutputStream:75 - [STDERR_REDIRECT] [Fatal Error] :1:1: Premature end of file.
2026-04-30 08:28:15,389 [ERROR] LogOutputStream:75 - [STDERR_REDIRECT] 
2026-04-30 08:28:16,400 [ERROR] LogOutputStream:75 - [STDERR_REDIRECT] [Fatal Error] :1:1: Premature end of file.
2026-04-30 08:28:16,400 [ERROR] LogOutputStream:75 - [STDERR_REDIRECT] 
2026-04-30 08:28:17,390 [ERROR] LogOutputStream:75 - [STDERR_REDIRECT] [Fatal Error] :1:1: Premature end of file.
2026-04-30 08:28:17,390 [ERROR] LogOutputStream:75 - [STDERR_REDIRECT] 
2026-04-30 08:28:18,387 [ERROR] LogOutputStream:75 - [STDERR_REDIRECT] [Fatal Error] :1:1: Premature end of file.
2026-04-30 08:28:18,387 [ERROR] LogOutputStream:75 - [STDERR_REDIRECT] 
2026-04-30 08:28:19,386 [ERROR] LogOutputStream:75 - [STDERR_REDIRECT] [Fatal Error] :1:1: Premature end of file.
2026-04-30 08:28:19,390 [ERROR] LogOutputStream:75 - [STDERR_REDIRECT] 
2026-04-30 08:28:20,387 [ERROR] LogOutputStream:75 - [STDERR_REDIRECT] [Fatal Error] :1:1: Premature end of file.
2026-04-30 08:28:20,387 [ERROR] LogOutputStream:75 - [STDERR_REDIRECT] 
2026-04-30 08:28:21,398 [ERROR] LogOutputStream:75 - [STDERR_REDIRECT] [Fatal Error] :1:1: Premature end of file.
2026-04-30 08:28:21,398 [ERROR] LogOutputStream:75 - [STDERR_REDIRECT] 
2026-04-30 08:28:22,391 [ERROR] LogOutputStream:75 - [STDERR_REDIRECT] [Fatal Error] :1:1: Premature end of file.
2026-04-30 08:28:22,391 [ERROR] LogOutputStream:75 - [STDERR_REDIRECT] 
2026-04-30 08:28:23,392 [ERROR] LogOutputStream:75 - [STDERR_REDIRECT] [Fatal Error] :1:1: Premature end of file.
2026-04-30 08:28:23,392 [ERROR] LogOutputStream:75 - [STDERR_REDIRECT] 
2026-04-30 08:28:24,399 [ERROR] LogOutputStream:75 - [STDERR_REDIRECT] [Fatal Error] :1:1: Premature end of file.
2026-04-30 08:28:24,400 [ERROR] LogOutputStream:75 - [STDERR_REDIRECT] 
2026-04-30 08:28:25,405 [ERROR] LogOutputStream:75 - [STDERR_REDIRECT] [Fatal Error] :1:1: Premature end of file.
2026-04-30 08:28:25,405 [ERROR] LogOutputStream:75 - [STDERR_REDIRECT] 
2026-04-30 08:28:26,396 [ERROR] LogOutputStream:75 - [STDERR_REDIRECT] [Fatal Error] :1:1: Premature end of file.
2026-04-30 08:28:26,396 [ERROR] LogOutputStream:75 - [STDERR_REDIRECT] 
